[2016-10-26 13:36:42] local.ERROR: exception 'PDOException' with message 'could not find driver' in /home/blackhole/Documents/project/simpatda/simpatda/vendor/laravel/framework/src/Illuminate/Database/Connectors/Connector.php:55
Stack trace:
#0 /home/blackhole/Documents/project/simpatda/simpatda/vendor/laravel/framework/src/Illuminate/Database/Connectors/Connector.php(55): PDO->__construct('pgsql:host=127....', 'homestead', 'secret', Array)
#1 /home/blackhole/Documents/project/simpatda/simpatda/vendor/laravel/framework/src/Illuminate/Database/Connectors/PostgresConnector.php(36): Illuminate\Database\Connectors\Connector->createConnection('pgsql:host=127....', Array, Array)
#2 /home/blackhole/Documents/project/simpatda/simpatda/vendor/laravel/framework/src/Illuminate/Database/Connectors/ConnectionFactory.php(61): Illuminate\Database\Connectors\PostgresConnector->connect(Array)
#3 [internal function]: Illuminate\Database\Connectors\ConnectionFactory->Illuminate\Database\Connectors\{closure}()
#4 /home/blackhole/Documents/project/simpatda/simpatda/vendor/laravel/framework/src/Illuminate/Database/Connection.php(924): call_user_func(Object(Closure))
#5 /home/blackhole/Documents/project/simpatda/simpatda/vendor/laravel/framework/src/Illuminate/Database/Connection.php(792): Illuminate\Database\Connection->getPdo()
#6 /home/blackhole/Documents/project/simpatda/simpatda/vendor/laravel/framework/src/Illuminate/Database/Connection.php(677): Illuminate\Database\Connection->reconnectIfMissingConnection()
#7 /home/blackhole/Documents/project/simpatda/simpatda/vendor/laravel/framework/src/Illuminate/Database/Connection.php(349): Illuminate\Database\Connection->run('select * from i...', Array, Object(Closure))
#8 /home/blackhole/Documents/project/simpatda/simpatda/vendor/laravel/framework/src/Illuminate/Database/Schema/PostgresBuilder.php(21): Illuminate\Database\Connection->select('select * from i...', Array)
#9 /home/blackhole/Documents/project/simpatda/simpatda/vendor/laravel/framework/src/Illuminate/Database/Migrations/DatabaseMigrationRepository.php(141): Illuminate\Database\Schema\PostgresBuilder->hasTable('migrations')
#10 /home/blackhole/Documents/project/simpatda/simpatda/vendor/laravel/framework/src/Illuminate/Database/Migrations/Migrator.php(404): Illuminate\Database\Migrations\DatabaseMigrationRepository->repositoryExists()
#11 /home/blackhole/Documents/project/simpatda/simpatda/vendor/laravel/framework/src/Illuminate/Database/Console/Migrations/MigrateCommand.php(103): Illuminate\Database\Migrations\Migrator->repositoryExists()
#12 /home/blackhole/Documents/project/simpatda/simpatda/vendor/laravel/framework/src/Illuminate/Database/Console/Migrations/MigrateCommand.php(58): Illuminate\Database\Console\Migrations\MigrateCommand->prepareDatabase()
#13 [internal function]: Illuminate\Database\Console\Migrations\MigrateCommand->fire()
#14 /home/blackhole/Documents/project/simpatda/simpatda/vendor/laravel/framework/src/Illuminate/Container/Container.php(507): call_user_func_array(Array, Array)
#15 /home/blackhole/Documents/project/simpatda/simpatda/vendor/laravel/framework/src/Illuminate/Console/Command.php(169): Illuminate\Container\Container->call(Array)
#16 /home/blackhole/Documents/project/simpatda/simpatda/vendor/symfony/console/Command/Command.php(256): Illuminate\Console\Command->execute(Object(Symfony\Component\Console\Input\ArgvInput), Object(Symfony\Component\Console\Output\ConsoleOutput))
#17 /home/blackhole/Documents/project/simpatda/simpatda/vendor/laravel/framework/src/Illuminate/Console/Command.php(155): Symfony\Component\Console\Command\Command->run(Object(Symfony\Component\Console\Input\ArgvInput), Object(Symfony\Component\Console\Output\ConsoleOutput))
#18 /home/blackhole/Documents/project/simpatda/simpatda/vendor/symfony/console/Application.php(794): Illuminate\Console\Command->run(Object(Symfony\Component\Console\Input\ArgvInput), Object(Symfony\Component\Console\Output\ConsoleOutput))
#19 /home/blackhole/Documents/project/simpatda/simpatda/vendor/symfony/console/Application.php(186): Symfony\Component\Console\Application->doRunCommand(Object(Illuminate\Database\Console\Migrations\MigrateCommand), Object(Symfony\Component\Console\Input\ArgvInput), Object(Symfony\Component\Console\Output\ConsoleOutput))
#20 /home/blackhole/Documents/project/simpatda/simpatda/vendor/symfony/console/Application.php(117): Symfony\Component\Console\Application->doRun(Object(Symfony\Component\Console\Input\ArgvInput), Object(Symfony\Component\Console\Output\ConsoleOutput))
#21 /home/blackhole/Documents/project/simpatda/simpatda/vendor/laravel/framework/src/Illuminate/Foundation/Console/Kernel.php(107): Symfony\Component\Console\Application->run(Object(Symfony\Component\Console\Input\ArgvInput), Object(Symfony\Component\Console\Output\ConsoleOutput))
#22 /home/blackhole/Documents/project/simpatda/simpatda/artisan(36): Illuminate\Foundation\Console\Kernel->handle(Object(Symfony\Component\Console\Input\ArgvInput), Object(Symfony\Component\Console\Output\ConsoleOutput))
#23 {main}  
[2016-10-26 13:41:00] local.ERROR: exception 'PDOException' with message 'could not find driver' in /home/blackhole/Documents/project/simpatda/simpatda/vendor/laravel/framework/src/Illuminate/Database/Connectors/Connector.php:55
Stack trace:
#0 /home/blackhole/Documents/project/simpatda/simpatda/vendor/laravel/framework/src/Illuminate/Database/Connectors/Connector.php(55): PDO->__construct('pgsql:host=127....', 'postgres', '', Array)
#1 /home/blackhole/Documents/project/simpatda/simpatda/vendor/laravel/framework/src/Illuminate/Database/Connectors/PostgresConnector.php(36): Illuminate\Database\Connectors\Connector->createConnection('pgsql:host=127....', Array, Array)
#2 /home/blackhole/Documents/project/simpatda/simpatda/vendor/laravel/framework/src/Illuminate/Database/Connectors/ConnectionFactory.php(61): Illuminate\Database\Connectors\PostgresConnector->connect(Array)
#3 [internal function]: Illuminate\Database\Connectors\ConnectionFactory->Illuminate\Database\Connectors\{closure}()
#4 /home/blackhole/Documents/project/simpatda/simpatda/vendor/laravel/framework/src/Illuminate/Database/Connection.php(924): call_user_func(Object(Closure))
#5 /home/blackhole/Documents/project/simpatda/simpatda/vendor/laravel/framework/src/Illuminate/Database/Connection.php(792): Illuminate\Database\Connection->getPdo()
#6 /home/blackhole/Documents/project/simpatda/simpatda/vendor/laravel/framework/src/Illuminate/Database/Connection.php(677): Illuminate\Database\Connection->reconnectIfMissingConnection()
#7 /home/blackhole/Documents/project/simpatda/simpatda/vendor/laravel/framework/src/Illuminate/Database/Connection.php(349): Illuminate\Database\Connection->run('select * from i...', Array, Object(Closure))
#8 /home/blackhole/Documents/project/simpatda/simpatda/vendor/laravel/framework/src/Illuminate/Database/Schema/PostgresBuilder.php(21): Illuminate\Database\Connection->select('select * from i...', Array)
#9 /home/blackhole/Documents/project/simpatda/simpatda/vendor/laravel/framework/src/Illuminate/Database/Migrations/DatabaseMigrationRepository.php(141): Illuminate\Database\Schema\PostgresBuilder->hasTable('migrations')
#10 /home/blackhole/Documents/project/simpatda/simpatda/vendor/laravel/framework/src/Illuminate/Database/Migrations/Migrator.php(404): Illuminate\Database\Migrations\DatabaseMigrationRepository->repositoryExists()
#11 /home/blackhole/Documents/project/simpatda/simpatda/vendor/laravel/framework/src/Illuminate/Database/Console/Migrations/MigrateCommand.php(103): Illuminate\Database\Migrations\Migrator->repositoryExists()
#12 /home/blackhole/Documents/project/simpatda/simpatda/vendor/laravel/framework/src/Illuminate/Database/Console/Migrations/MigrateCommand.php(58): Illuminate\Database\Console\Migrations\MigrateCommand->prepareDatabase()
#13 [internal function]: Illuminate\Database\Console\Migrations\MigrateCommand->fire()
#14 /home/blackhole/Documents/project/simpatda/simpatda/vendor/laravel/framework/src/Illuminate/Container/Container.php(507): call_user_func_array(Array, Array)
#15 /home/blackhole/Documents/project/simpatda/simpatda/vendor/laravel/framework/src/Illuminate/Console/Command.php(169): Illuminate\Container\Container->call(Array)
#16 /home/blackhole/Documents/project/simpatda/simpatda/vendor/symfony/console/Command/Command.php(256): Illuminate\Console\Command->execute(Object(Symfony\Component\Console\Input\ArgvInput), Object(Symfony\Component\Console\Output\ConsoleOutput))
#17 /home/blackhole/Documents/project/simpatda/simpatda/vendor/laravel/framework/src/Illuminate/Console/Command.php(155): Symfony\Component\Console\Command\Command->run(Object(Symfony\Component\Console\Input\ArgvInput), Object(Symfony\Component\Console\Output\ConsoleOutput))
#18 /home/blackhole/Documents/project/simpatda/simpatda/vendor/symfony/console/Application.php(794): Illuminate\Console\Command->run(Object(Symfony\Component\Console\Input\ArgvInput), Object(Symfony\Component\Console\Output\ConsoleOutput))
#19 /home/blackhole/Documents/project/simpatda/simpatda/vendor/symfony/console/Application.php(186): Symfony\Component\Console\Application->doRunCommand(Object(Illuminate\Database\Console\Migrations\MigrateCommand), Object(Symfony\Component\Console\Input\ArgvInput), Object(Symfony\Component\Console\Output\ConsoleOutput))
#20 /home/blackhole/Documents/project/simpatda/simpatda/vendor/symfony/console/Application.php(117): Symfony\Component\Console\Application->doRun(Object(Symfony\Component\Console\Input\ArgvInput), Object(Symfony\Component\Console\Output\ConsoleOutput))
#21 /home/blackhole/Documents/project/simpatda/simpatda/vendor/laravel/framework/src/Illuminate/Foundation/Console/Kernel.php(107): Symfony\Component\Console\Application->run(Object(Symfony\Component\Console\Input\ArgvInput), Object(Symfony\Component\Console\Output\ConsoleOutput))
#22 /home/blackhole/Documents/project/simpatda/simpatda/artisan(36): Illuminate\Foundation\Console\Kernel->handle(Object(Symfony\Component\Console\Input\ArgvInput), Object(Symfony\Component\Console\Output\ConsoleOutput))
#23 {main}  
[2016-10-26 14:00:39] local.ERROR: exception 'PDOException' with message 'SQLSTATE[08006] [7] fe_sendauth: no password supplied' in /home/blackhole/Documents/project/simpatda/simpatda/vendor/laravel/framework/src/Illuminate/Database/Connectors/Connector.php:55
Stack trace:
#0 /home/blackhole/Documents/project/simpatda/simpatda/vendor/laravel/framework/src/Illuminate/Database/Connectors/Connector.php(55): PDO->__construct('pgsql:host=127....', 'postgres', '', Array)
#1 /home/blackhole/Documents/project/simpatda/simpatda/vendor/laravel/framework/src/Illuminate/Database/Connectors/PostgresConnector.php(36): Illuminate\Database\Connectors\Connector->createConnection('pgsql:host=127....', Array, Array)
#2 /home/blackhole/Documents/project/simpatda/simpatda/vendor/laravel/framework/src/Illuminate/Database/Connectors/ConnectionFactory.php(61): Illuminate\Database\Connectors\PostgresConnector->connect(Array)
#3 [internal function]: Illuminate\Database\Connectors\ConnectionFactory->Illuminate\Database\Connectors\{closure}()
#4 /home/blackhole/Documents/project/simpatda/simpatda/vendor/laravel/framework/src/Illuminate/Database/Connection.php(924): call_user_func(Object(Closure))
#5 /home/blackhole/Documents/project/simpatda/simpatda/vendor/laravel/framework/src/Illuminate/Database/Connection.php(792): Illuminate\Database\Connection->getPdo()
#6 /home/blackhole/Documents/project/simpatda/simpatda/vendor/laravel/framework/src/Illuminate/Database/Connection.php(677): Illuminate\Database\Connection->reconnectIfMissingConnection()
#7 /home/blackhole/Documents/project/simpatda/simpatda/vendor/laravel/framework/src/Illuminate/Database/Connection.php(349): Illuminate\Database\Connection->run('select * from i...', Array, Object(Closure))
#8 /home/blackhole/Documents/project/simpatda/simpatda/vendor/laravel/framework/src/Illuminate/Database/Schema/PostgresBuilder.php(21): Illuminate\Database\Connection->select('select * from i...', Array)
#9 /home/blackhole/Documents/project/simpatda/simpatda/vendor/laravel/framework/src/Illuminate/Database/Migrations/DatabaseMigrationRepository.php(141): Illuminate\Database\Schema\PostgresBuilder->hasTable('migrations')
#10 /home/blackhole/Documents/project/simpatda/simpatda/vendor/laravel/framework/src/Illuminate/Database/Migrations/Migrator.php(404): Illuminate\Database\Migrations\DatabaseMigrationRepository->repositoryExists()
#11 /home/blackhole/Documents/project/simpatda/simpatda/vendor/laravel/framework/src/Illuminate/Database/Console/Migrations/MigrateCommand.php(103): Illuminate\Database\Migrations\Migrator->repositoryExists()
#12 /home/blackhole/Documents/project/simpatda/simpatda/vendor/laravel/framework/src/Illuminate/Database/Console/Migrations/MigrateCommand.php(58): Illuminate\Database\Console\Migrations\MigrateCommand->prepareDatabase()
#13 [internal function]: Illuminate\Database\Console\Migrations\MigrateCommand->fire()
#14 /home/blackhole/Documents/project/simpatda/simpatda/vendor/laravel/framework/src/Illuminate/Container/Container.php(507): call_user_func_array(Array, Array)
#15 /home/blackhole/Documents/project/simpatda/simpatda/vendor/laravel/framework/src/Illuminate/Console/Command.php(169): Illuminate\Container\Container->call(Array)
#16 /home/blackhole/Documents/project/simpatda/simpatda/vendor/symfony/console/Command/Command.php(256): Illuminate\Console\Command->execute(Object(Symfony\Component\Console\Input\ArgvInput), Object(Symfony\Component\Console\Output\ConsoleOutput))
#17 /home/blackhole/Documents/project/simpatda/simpatda/vendor/laravel/framework/src/Illuminate/Console/Command.php(155): Symfony\Component\Console\Command\Command->run(Object(Symfony\Component\Console\Input\ArgvInput), Object(Symfony\Component\Console\Output\ConsoleOutput))
#18 /home/blackhole/Documents/project/simpatda/simpatda/vendor/symfony/console/Application.php(794): Illuminate\Console\Command->run(Object(Symfony\Component\Console\Input\ArgvInput), Object(Symfony\Component\Console\Output\ConsoleOutput))
#19 /home/blackhole/Documents/project/simpatda/simpatda/vendor/symfony/console/Application.php(186): Symfony\Component\Console\Application->doRunCommand(Object(Illuminate\Database\Console\Migrations\MigrateCommand), Object(Symfony\Component\Console\Input\ArgvInput), Object(Symfony\Component\Console\Output\ConsoleOutput))
#20 /home/blackhole/Documents/project/simpatda/simpatda/vendor/symfony/console/Application.php(117): Symfony\Component\Console\Application->doRun(Object(Symfony\Component\Console\Input\ArgvInput), Object(Symfony\Component\Console\Output\ConsoleOutput))
#21 /home/blackhole/Documents/project/simpatda/simpatda/vendor/laravel/framework/src/Illuminate/Foundation/Console/Kernel.php(107): Symfony\Component\Console\Application->run(Object(Symfony\Component\Console\Input\ArgvInput), Object(Symfony\Component\Console\Output\ConsoleOutput))
#22 /home/blackhole/Documents/project/simpatda/simpatda/artisan(36): Illuminate\Foundation\Console\Kernel->handle(Object(Symfony\Component\Console\Input\ArgvInput), Object(Symfony\Component\Console\Output\ConsoleOutput))
#23 {main}  
[2016-10-27 09:02:05] local.ERROR: exception 'Symfony\Component\Console\Exception\RuntimeException' with message 'The "--plain" option does not exist.' in /home/blackhole/Documents/project/simpatda/simpatda/vendor/symfony/console/Input/ArgvInput.php:216
Stack trace:
#0 /home/blackhole/Documents/project/simpatda/simpatda/vendor/symfony/console/Input/ArgvInput.php(152): Symfony\Component\Console\Input\ArgvInput->addLongOption('plain', NULL)
#1 /home/blackhole/Documents/project/simpatda/simpatda/vendor/symfony/console/Input/ArgvInput.php(84): Symfony\Component\Console\Input\ArgvInput->parseLongOption('--plain')
#2 /home/blackhole/Documents/project/simpatda/simpatda/vendor/symfony/console/Input/Input.php(62): Symfony\Component\Console\Input\ArgvInput->parse()
#3 /home/blackhole/Documents/project/simpatda/simpatda/vendor/symfony/console/Command/Command.php(221): Symfony\Component\Console\Input\Input->bind(Object(Symfony\Component\Console\Input\InputDefinition))
#4 /home/blackhole/Documents/project/simpatda/simpatda/vendor/laravel/framework/src/Illuminate/Console/Command.php(155): Symfony\Component\Console\Command\Command->run(Object(Symfony\Component\Console\Input\ArgvInput), Object(Symfony\Component\Console\Output\ConsoleOutput))
#5 /home/blackhole/Documents/project/simpatda/simpatda/vendor/symfony/console/Application.php(794): Illuminate\Console\Command->run(Object(Symfony\Component\Console\Input\ArgvInput), Object(Symfony\Component\Console\Output\ConsoleOutput))
#6 /home/blackhole/Documents/project/simpatda/simpatda/vendor/symfony/console/Application.php(186): Symfony\Component\Console\Application->doRunCommand(Object(Illuminate\Routing\Console\ControllerMakeCommand), Object(Symfony\Component\Console\Input\ArgvInput), Object(Symfony\Component\Console\Output\ConsoleOutput))
#7 /home/blackhole/Documents/project/simpatda/simpatda/vendor/symfony/console/Application.php(117): Symfony\Component\Console\Application->doRun(Object(Symfony\Component\Console\Input\ArgvInput), Object(Symfony\Component\Console\Output\ConsoleOutput))
#8 /home/blackhole/Documents/project/simpatda/simpatda/vendor/laravel/framework/src/Illuminate/Foundation/Console/Kernel.php(107): Symfony\Component\Console\Application->run(Object(Symfony\Component\Console\Input\ArgvInput), Object(Symfony\Component\Console\Output\ConsoleOutput))
#9 /home/blackhole/Documents/project/simpatda/simpatda/artisan(36): Illuminate\Foundation\Console\Kernel->handle(Object(Symfony\Component\Console\Input\ArgvInput), Object(Symfony\Component\Console\Output\ConsoleOutput))
#10 {main}  
[2016-10-27 09:02:35] local.ERROR: exception 'Symfony\Component\Console\Exception\RuntimeException' with message 'The "--plain" option does not exist.' in /home/blackhole/Documents/project/simpatda/simpatda/vendor/symfony/console/Input/ArgvInput.php:216
Stack trace:
#0 /home/blackhole/Documents/project/simpatda/simpatda/vendor/symfony/console/Input/ArgvInput.php(152): Symfony\Component\Console\Input\ArgvInput->addLongOption('plain', NULL)
#1 /home/blackhole/Documents/project/simpatda/simpatda/vendor/symfony/console/Input/ArgvInput.php(84): Symfony\Component\Console\Input\ArgvInput->parseLongOption('--plain')
#2 /home/blackhole/Documents/project/simpatda/simpatda/vendor/symfony/console/Input/Input.php(62): Symfony\Component\Console\Input\ArgvInput->parse()
#3 /home/blackhole/Documents/project/simpatda/simpatda/vendor/symfony/console/Command/Command.php(221): Symfony\Component\Console\Input\Input->bind(Object(Symfony\Component\Console\Input\InputDefinition))
#4 /home/blackhole/Documents/project/simpatda/simpatda/vendor/laravel/framework/src/Illuminate/Console/Command.php(155): Symfony\Component\Console\Command\Command->run(Object(Symfony\Component\Console\Input\ArgvInput), Object(Symfony\Component\Console\Output\ConsoleOutput))
#5 /home/blackhole/Documents/project/simpatda/simpatda/vendor/symfony/console/Application.php(794): Illuminate\Console\Command->run(Object(Symfony\Component\Console\Input\ArgvInput), Object(Symfony\Component\Console\Output\ConsoleOutput))
#6 /home/blackhole/Documents/project/simpatda/simpatda/vendor/symfony/console/Application.php(186): Symfony\Component\Console\Application->doRunCommand(Object(Illuminate\Routing\Console\ControllerMakeCommand), Object(Symfony\Component\Console\Input\ArgvInput), Object(Symfony\Component\Console\Output\ConsoleOutput))
#7 /home/blackhole/Documents/project/simpatda/simpatda/vendor/symfony/console/Application.php(117): Symfony\Component\Console\Application->doRun(Object(Symfony\Component\Console\Input\ArgvInput), Object(Symfony\Component\Console\Output\ConsoleOutput))
#8 /home/blackhole/Documents/project/simpatda/simpatda/vendor/laravel/framework/src/Illuminate/Foundation/Console/Kernel.php(107): Symfony\Component\Console\Application->run(Object(Symfony\Component\Console\Input\ArgvInput), Object(Symfony\Component\Console\Output\ConsoleOutput))
#9 /home/blackhole/Documents/project/simpatda/simpatda/artisan(36): Illuminate\Foundation\Console\Kernel->handle(Object(Symfony\Component\Console\Input\ArgvInput), Object(Symfony\Component\Console\Output\ConsoleOutput))
#10 {main}  
[2016-10-27 09:53:12] local.ERROR: exception 'UnexpectedValueException' with message 'Invalid route action: [App\Http\Controllers\pendaftaranPribadiController]' in /home/blackhole/Documents/project/simpatda/simpatda/vendor/laravel/framework/src/Illuminate/Routing/Route.php:565
Stack trace:
#0 /home/blackhole/Documents/project/simpatda/simpatda/vendor/laravel/framework/src/Illuminate/Routing/Route.php(114): Illuminate\Routing\Route->parseAction(Array)
#1 /home/blackhole/Documents/project/simpatda/simpatda/vendor/laravel/framework/src/Illuminate/Routing/Router.php(566): Illuminate\Routing\Route->__construct(Array, 'pendaftaran-wpw...', Array)
#2 /home/blackhole/Documents/project/simpatda/simpatda/vendor/laravel/framework/src/Illuminate/Routing/Router.php(542): Illuminate\Routing\Router->newRoute(Array, 'pendaftaran-wpw...', Array)
#3 /home/blackhole/Documents/project/simpatda/simpatda/vendor/laravel/framework/src/Illuminate/Routing/Router.php(520): Illuminate\Routing\Router->createRoute(Array, '/pendaftaran-wp...', 'pendaftaranPrib...')
#4 /home/blackhole/Documents/project/simpatda/simpatda/vendor/laravel/framework/src/Illuminate/Routing/Router.php(129): Illuminate\Routing\Router->addRoute(Array, '/pendaftaran-wp...', 'pendaftaranPrib...')
#5 /home/blackhole/Documents/project/simpatda/simpatda/vendor/laravel/framework/src/Illuminate/Support/Facades/Facade.php(219): Illuminate\Routing\Router->get('/pendaftaran-wp...', 'pendaftaranPrib...')
#6 /home/blackhole/Documents/project/simpatda/simpatda/app/Http/routes.php(19): Illuminate\Support\Facades\Facade::__callStatic('get', Array)
#7 /home/blackhole/Documents/project/simpatda/simpatda/app/Http/routes.php(19): Illuminate\Support\Facades\Route::get('/pendaftaran-wp...', 'pendaftaranPrib...')
#8 /home/blackhole/Documents/project/simpatda/simpatda/app/Providers/RouteServiceProvider.php(58): require('/home/blackhole...')
#9 [internal function]: App\Providers\RouteServiceProvider->App\Providers\{closure}(Object(Illuminate\Routing\Router))
#10 /home/blackhole/Documents/project/simpatda/simpatda/vendor/laravel/framework/src/Illuminate/Routing/Router.php(398): call_user_func(Object(Closure), Object(Illuminate\Routing\Router))
#11 /home/blackhole/Documents/project/simpatda/simpatda/app/Providers/RouteServiceProvider.php(59): Illuminate\Routing\Router->group(Array, Object(Closure))
#12 /home/blackhole/Documents/project/simpatda/simpatda/app/Providers/RouteServiceProvider.php(40): App\Providers\RouteServiceProvider->mapWebRoutes(Object(Illuminate\Routing\Router))
#13 [internal function]: App\Providers\RouteServiceProvider->map(Object(Illuminate\Routing\Router))
#14 /home/blackhole/Documents/project/simpatda/simpatda/vendor/laravel/framework/src/Illuminate/Container/Container.php(507): call_user_func_array(Array, Array)
#15 /home/blackhole/Documents/project/simpatda/simpatda/vendor/laravel/framework/src/Illuminate/Foundation/Support/Providers/RouteServiceProvider.php(72): Illuminate\Container\Container->call(Array)
#16 /home/blackhole/Documents/project/simpatda/simpatda/vendor/laravel/framework/src/Illuminate/Foundation/Support/Providers/RouteServiceProvider.php(31): Illuminate\Foundation\Support\Providers\RouteServiceProvider->loadRoutes()
#17 /home/blackhole/Documents/project/simpatda/simpatda/app/Providers/RouteServiceProvider.php(29): Illuminate\Foundation\Support\Providers\RouteServiceProvider->boot(Object(Illuminate\Routing\Router))
#18 [internal function]: App\Providers\RouteServiceProvider->boot(Object(Illuminate\Routing\Router))
#19 /home/blackhole/Documents/project/simpatda/simpatda/vendor/laravel/framework/src/Illuminate/Container/Container.php(507): call_user_func_array(Array, Array)
#20 /home/blackhole/Documents/project/simpatda/simpatda/vendor/laravel/framework/src/Illuminate/Foundation/Application.php(757): Illuminate\Container\Container->call(Array)
#21 /home/blackhole/Documents/project/simpatda/simpatda/vendor/laravel/framework/src/Illuminate/Foundation/Application.php(740): Illuminate\Foundation\Application->bootProvider(Object(App\Providers\RouteServiceProvider))
#22 [internal function]: Illuminate\Foundation\Application->Illuminate\Foundation\{closure}(Object(App\Providers\RouteServiceProvider), 14)
#23 /home/blackhole/Documents/project/simpatda/simpatda/vendor/laravel/framework/src/Illuminate/Foundation/Application.php(741): array_walk(Array, Object(Closure))
#24 /home/blackhole/Documents/project/simpatda/simpatda/vendor/laravel/framework/src/Illuminate/Foundation/Bootstrap/BootProviders.php(17): Illuminate\Foundation\Application->boot()
#25 /home/blackhole/Documents/project/simpatda/simpatda/vendor/laravel/framework/src/Illuminate/Foundation/Application.php(203): Illuminate\Foundation\Bootstrap\BootProviders->bootstrap(Object(Illuminate\Foundation\Application))
#26 /home/blackhole/Documents/project/simpatda/simpatda/vendor/laravel/framework/src/Illuminate/Foundation/Http/Kernel.php(232): Illuminate\Foundation\Application->bootstrapWith(Array)
#27 /home/blackhole/Documents/project/simpatda/simpatda/vendor/laravel/framework/src/Illuminate/Foundation/Http/Kernel.php(127): Illuminate\Foundation\Http\Kernel->bootstrap()
#28 /home/blackhole/Documents/project/simpatda/simpatda/vendor/laravel/framework/src/Illuminate/Foundation/Http/Kernel.php(99): Illuminate\Foundation\Http\Kernel->sendRequestThroughRouter(Object(Illuminate\Http\Request))
#29 /home/blackhole/Documents/project/simpatda/simpatda/public/index.php(54): Illuminate\Foundation\Http\Kernel->handle(Object(Illuminate\Http\Request))
#30 /home/blackhole/Documents/project/simpatda/simpatda/server.php(21): require_once('/home/blackhole...')
#31 {main}  
[2016-10-27 09:55:12] local.ERROR: exception 'UnexpectedValueException' with message 'Invalid route action: [App\Http\Controllers\pendaftaranPribadiController]' in /home/blackhole/Documents/project/simpatda/simpatda/vendor/laravel/framework/src/Illuminate/Routing/Route.php:565
Stack trace:
#0 /home/blackhole/Documents/project/simpatda/simpatda/vendor/laravel/framework/src/Illuminate/Routing/Route.php(114): Illuminate\Routing\Route->parseAction(Array)
#1 /home/blackhole/Documents/project/simpatda/simpatda/vendor/laravel/framework/src/Illuminate/Routing/Router.php(566): Illuminate\Routing\Route->__construct(Array, 'pendaftaran-wpw...', Array)
#2 /home/blackhole/Documents/project/simpatda/simpatda/vendor/laravel/framework/src/Illuminate/Routing/Router.php(542): Illuminate\Routing\Router->newRoute(Array, 'pendaftaran-wpw...', Array)
#3 /home/blackhole/Documents/project/simpatda/simpatda/vendor/laravel/framework/src/Illuminate/Routing/Router.php(520): Illuminate\Routing\Router->createRoute(Array, '/pendaftaran-wp...', 'pendaftaranPrib...')
#4 /home/blackhole/Documents/project/simpatda/simpatda/vendor/laravel/framework/src/Illuminate/Routing/Router.php(129): Illuminate\Routing\Router->addRoute(Array, '/pendaftaran-wp...', 'pendaftaranPrib...')
#5 /home/blackhole/Documents/project/simpatda/simpatda/vendor/laravel/framework/src/Illuminate/Support/Facades/Facade.php(219): Illuminate\Routing\Router->get('/pendaftaran-wp...', 'pendaftaranPrib...')
#6 /home/blackhole/Documents/project/simpatda/simpatda/app/Http/routes.php(19): Illuminate\Support\Facades\Facade::__callStatic('get', Array)
#7 /home/blackhole/Documents/project/simpatda/simpatda/app/Http/routes.php(19): Illuminate\Support\Facades\Route::get('/pendaftaran-wp...', 'pendaftaranPrib...')
#8 /home/blackhole/Documents/project/simpatda/simpatda/app/Providers/RouteServiceProvider.php(58): require('/home/blackhole...')
#9 [internal function]: App\Providers\RouteServiceProvider->App\Providers\{closure}(Object(Illuminate\Routing\Router))
#10 /home/blackhole/Documents/project/simpatda/simpatda/vendor/laravel/framework/src/Illuminate/Routing/Router.php(398): call_user_func(Object(Closure), Object(Illuminate\Routing\Router))
#11 /home/blackhole/Documents/project/simpatda/simpatda/app/Providers/RouteServiceProvider.php(59): Illuminate\Routing\Router->group(Array, Object(Closure))
#12 /home/blackhole/Documents/project/simpatda/simpatda/app/Providers/RouteServiceProvider.php(40): App\Providers\RouteServiceProvider->mapWebRoutes(Object(Illuminate\Routing\Router))
#13 [internal function]: App\Providers\RouteServiceProvider->map(Object(Illuminate\Routing\Router))
#14 /home/blackhole/Documents/project/simpatda/simpatda/vendor/laravel/framework/src/Illuminate/Container/Container.php(507): call_user_func_array(Array, Array)
#15 /home/blackhole/Documents/project/simpatda/simpatda/vendor/laravel/framework/src/Illuminate/Foundation/Support/Providers/RouteServiceProvider.php(72): Illuminate\Container\Container->call(Array)
#16 /home/blackhole/Documents/project/simpatda/simpatda/vendor/laravel/framework/src/Illuminate/Foundation/Support/Providers/RouteServiceProvider.php(31): Illuminate\Foundation\Support\Providers\RouteServiceProvider->loadRoutes()
#17 /home/blackhole/Documents/project/simpatda/simpatda/app/Providers/RouteServiceProvider.php(29): Illuminate\Foundation\Support\Providers\RouteServiceProvider->boot(Object(Illuminate\Routing\Router))
#18 [internal function]: App\Providers\RouteServiceProvider->boot(Object(Illuminate\Routing\Router))
#19 /home/blackhole/Documents/project/simpatda/simpatda/vendor/laravel/framework/src/Illuminate/Container/Container.php(507): call_user_func_array(Array, Array)
#20 /home/blackhole/Documents/project/simpatda/simpatda/vendor/laravel/framework/src/Illuminate/Foundation/Application.php(757): Illuminate\Container\Container->call(Array)
#21 /home/blackhole/Documents/project/simpatda/simpatda/vendor/laravel/framework/src/Illuminate/Foundation/Application.php(740): Illuminate\Foundation\Application->bootProvider(Object(App\Providers\RouteServiceProvider))
#22 [internal function]: Illuminate\Foundation\Application->Illuminate\Foundation\{closure}(Object(App\Providers\RouteServiceProvider), 14)
#23 /home/blackhole/Documents/project/simpatda/simpatda/vendor/laravel/framework/src/Illuminate/Foundation/Application.php(741): array_walk(Array, Object(Closure))
#24 /home/blackhole/Documents/project/simpatda/simpatda/vendor/laravel/framework/src/Illuminate/Foundation/Bootstrap/BootProviders.php(17): Illuminate\Foundation\Application->boot()
#25 /home/blackhole/Documents/project/simpatda/simpatda/vendor/laravel/framework/src/Illuminate/Foundation/Application.php(203): Illuminate\Foundation\Bootstrap\BootProviders->bootstrap(Object(Illuminate\Foundation\Application))
#26 /home/blackhole/Documents/project/simpatda/simpatda/vendor/laravel/framework/src/Illuminate/Foundation/Http/Kernel.php(232): Illuminate\Foundation\Application->bootstrapWith(Array)
#27 /home/blackhole/Documents/project/simpatda/simpatda/vendor/laravel/framework/src/Illuminate/Foundation/Http/Kernel.php(127): Illuminate\Foundation\Http\Kernel->bootstrap()
#28 /home/blackhole/Documents/project/simpatda/simpatda/vendor/laravel/framework/src/Illuminate/Foundation/Http/Kernel.php(99): Illuminate\Foundation\Http\Kernel->sendRequestThroughRouter(Object(Illuminate\Http\Request))
#29 /home/blackhole/Documents/project/simpatda/simpatda/public/index.php(54): Illuminate\Foundation\Http\Kernel->handle(Object(Illuminate\Http\Request))
#30 /home/blackhole/Documents/project/simpatda/simpatda/server.php(21): require_once('/home/blackhole...')
#31 {main}  
[2016-10-27 09:55:14] local.ERROR: exception 'UnexpectedValueException' with message 'Invalid route action: [App\Http\Controllers\pendaftaranPribadiController]' in /home/blackhole/Documents/project/simpatda/simpatda/vendor/laravel/framework/src/Illuminate/Routing/Route.php:565
Stack trace:
#0 /home/blackhole/Documents/project/simpatda/simpatda/vendor/laravel/framework/src/Illuminate/Routing/Route.php(114): Illuminate\Routing\Route->parseAction(Array)
#1 /home/blackhole/Documents/project/simpatda/simpatda/vendor/laravel/framework/src/Illuminate/Routing/Router.php(566): Illuminate\Routing\Route->__construct(Array, 'pendaftaran-wpw...', Array)
#2 /home/blackhole/Documents/project/simpatda/simpatda/vendor/laravel/framework/src/Illuminate/Routing/Router.php(542): Illuminate\Routing\Router->newRoute(Array, 'pendaftaran-wpw...', Array)
#3 /home/blackhole/Documents/project/simpatda/simpatda/vendor/laravel/framework/src/Illuminate/Routing/Router.php(520): Illuminate\Routing\Router->createRoute(Array, '/pendaftaran-wp...', 'pendaftaranPrib...')
#4 /home/blackhole/Documents/project/simpatda/simpatda/vendor/laravel/framework/src/Illuminate/Routing/Router.php(129): Illuminate\Routing\Router->addRoute(Array, '/pendaftaran-wp...', 'pendaftaranPrib...')
#5 /home/blackhole/Documents/project/simpatda/simpatda/vendor/laravel/framework/src/Illuminate/Support/Facades/Facade.php(219): Illuminate\Routing\Router->get('/pendaftaran-wp...', 'pendaftaranPrib...')
#6 /home/blackhole/Documents/project/simpatda/simpatda/app/Http/routes.php(19): Illuminate\Support\Facades\Facade::__callStatic('get', Array)
#7 /home/blackhole/Documents/project/simpatda/simpatda/app/Http/routes.php(19): Illuminate\Support\Facades\Route::get('/pendaftaran-wp...', 'pendaftaranPrib...')
#8 /home/blackhole/Documents/project/simpatda/simpatda/app/Providers/RouteServiceProvider.php(58): require('/home/blackhole...')
#9 [internal function]: App\Providers\RouteServiceProvider->App\Providers\{closure}(Object(Illuminate\Routing\Router))
#10 /home/blackhole/Documents/project/simpatda/simpatda/vendor/laravel/framework/src/Illuminate/Routing/Router.php(398): call_user_func(Object(Closure), Object(Illuminate\Routing\Router))
#11 /home/blackhole/Documents/project/simpatda/simpatda/app/Providers/RouteServiceProvider.php(59): Illuminate\Routing\Router->group(Array, Object(Closure))
#12 /home/blackhole/Documents/project/simpatda/simpatda/app/Providers/RouteServiceProvider.php(40): App\Providers\RouteServiceProvider->mapWebRoutes(Object(Illuminate\Routing\Router))
#13 [internal function]: App\Providers\RouteServiceProvider->map(Object(Illuminate\Routing\Router))
#14 /home/blackhole/Documents/project/simpatda/simpatda/vendor/laravel/framework/src/Illuminate/Container/Container.php(507): call_user_func_array(Array, Array)
#15 /home/blackhole/Documents/project/simpatda/simpatda/vendor/laravel/framework/src/Illuminate/Foundation/Support/Providers/RouteServiceProvider.php(72): Illuminate\Container\Container->call(Array)
#16 /home/blackhole/Documents/project/simpatda/simpatda/vendor/laravel/framework/src/Illuminate/Foundation/Support/Providers/RouteServiceProvider.php(31): Illuminate\Foundation\Support\Providers\RouteServiceProvider->loadRoutes()
#17 /home/blackhole/Documents/project/simpatda/simpatda/app/Providers/RouteServiceProvider.php(29): Illuminate\Foundation\Support\Providers\RouteServiceProvider->boot(Object(Illuminate\Routing\Router))
#18 [internal function]: App\Providers\RouteServiceProvider->boot(Object(Illuminate\Routing\Router))
#19 /home/blackhole/Documents/project/simpatda/simpatda/vendor/laravel/framework/src/Illuminate/Container/Container.php(507): call_user_func_array(Array, Array)
#20 /home/blackhole/Documents/project/simpatda/simpatda/vendor/laravel/framework/src/Illuminate/Foundation/Application.php(757): Illuminate\Container\Container->call(Array)
#21 /home/blackhole/Documents/project/simpatda/simpatda/vendor/laravel/framework/src/Illuminate/Foundation/Application.php(740): Illuminate\Foundation\Application->bootProvider(Object(App\Providers\RouteServiceProvider))
#22 [internal function]: Illuminate\Foundation\Application->Illuminate\Foundation\{closure}(Object(App\Providers\RouteServiceProvider), 14)
#23 /home/blackhole/Documents/project/simpatda/simpatda/vendor/laravel/framework/src/Illuminate/Foundation/Application.php(741): array_walk(Array, Object(Closure))
#24 /home/blackhole/Documents/project/simpatda/simpatda/vendor/laravel/framework/src/Illuminate/Foundation/Bootstrap/BootProviders.php(17): Illuminate\Foundation\Application->boot()
#25 /home/blackhole/Documents/project/simpatda/simpatda/vendor/laravel/framework/src/Illuminate/Foundation/Application.php(203): Illuminate\Foundation\Bootstrap\BootProviders->bootstrap(Object(Illuminate\Foundation\Application))
#26 /home/blackhole/Documents/project/simpatda/simpatda/vendor/laravel/framework/src/Illuminate/Foundation/Http/Kernel.php(232): Illuminate\Foundation\Application->bootstrapWith(Array)
#27 /home/blackhole/Documents/project/simpatda/simpatda/vendor/laravel/framework/src/Illuminate/Foundation/Http/Kernel.php(127): Illuminate\Foundation\Http\Kernel->bootstrap()
#28 /home/blackhole/Documents/project/simpatda/simpatda/vendor/laravel/framework/src/Illuminate/Foundation/Http/Kernel.php(99): Illuminate\Foundation\Http\Kernel->sendRequestThroughRouter(Object(Illuminate\Http\Request))
#29 /home/blackhole/Documents/project/simpatda/simpatda/public/index.php(54): Illuminate\Foundation\Http\Kernel->handle(Object(Illuminate\Http\Request))
#30 /home/blackhole/Documents/project/simpatda/simpatda/server.php(21): require_once('/home/blackhole...')
#31 {main}  
[2016-10-27 09:55:38] local.ERROR: exception 'UnexpectedValueException' with message 'Invalid route action: [App\Http\Controllers\pendaftaranPribadiController]' in /home/blackhole/Documents/project/simpatda/simpatda/vendor/laravel/framework/src/Illuminate/Routing/Route.php:565
Stack trace:
#0 /home/blackhole/Documents/project/simpatda/simpatda/vendor/laravel/framework/src/Illuminate/Routing/Route.php(114): Illuminate\Routing\Route->parseAction(Array)
#1 /home/blackhole/Documents/project/simpatda/simpatda/vendor/laravel/framework/src/Illuminate/Routing/Router.php(566): Illuminate\Routing\Route->__construct(Array, 'pendaftaran-wpw...', Array)
#2 /home/blackhole/Documents/project/simpatda/simpatda/vendor/laravel/framework/src/Illuminate/Routing/Router.php(542): Illuminate\Routing\Router->newRoute(Array, 'pendaftaran-wpw...', Array)
#3 /home/blackhole/Documents/project/simpatda/simpatda/vendor/laravel/framework/src/Illuminate/Routing/Router.php(520): Illuminate\Routing\Router->createRoute(Array, '/pendaftaran-wp...', 'pendaftaranPrib...')
#4 /home/blackhole/Documents/project/simpatda/simpatda/vendor/laravel/framework/src/Illuminate/Routing/Router.php(129): Illuminate\Routing\Router->addRoute(Array, '/pendaftaran-wp...', 'pendaftaranPrib...')
#5 /home/blackhole/Documents/project/simpatda/simpatda/vendor/laravel/framework/src/Illuminate/Support/Facades/Facade.php(219): Illuminate\Routing\Router->get('/pendaftaran-wp...', 'pendaftaranPrib...')
#6 /home/blackhole/Documents/project/simpatda/simpatda/app/Http/routes.php(19): Illuminate\Support\Facades\Facade::__callStatic('get', Array)
#7 /home/blackhole/Documents/project/simpatda/simpatda/app/Http/routes.php(19): Illuminate\Support\Facades\Route::get('/pendaftaran-wp...', 'pendaftaranPrib...')
#8 /home/blackhole/Documents/project/simpatda/simpatda/app/Providers/RouteServiceProvider.php(58): require('/home/blackhole...')
#9 [internal function]: App\Providers\RouteServiceProvider->App\Providers\{closure}(Object(Illuminate\Routing\Router))
#10 /home/blackhole/Documents/project/simpatda/simpatda/vendor/laravel/framework/src/Illuminate/Routing/Router.php(398): call_user_func(Object(Closure), Object(Illuminate\Routing\Router))
#11 /home/blackhole/Documents/project/simpatda/simpatda/app/Providers/RouteServiceProvider.php(59): Illuminate\Routing\Router->group(Array, Object(Closure))
#12 /home/blackhole/Documents/project/simpatda/simpatda/app/Providers/RouteServiceProvider.php(40): App\Providers\RouteServiceProvider->mapWebRoutes(Object(Illuminate\Routing\Router))
#13 [internal function]: App\Providers\RouteServiceProvider->map(Object(Illuminate\Routing\Router))
#14 /home/blackhole/Documents/project/simpatda/simpatda/vendor/laravel/framework/src/Illuminate/Container/Container.php(507): call_user_func_array(Array, Array)
#15 /home/blackhole/Documents/project/simpatda/simpatda/vendor/laravel/framework/src/Illuminate/Foundation/Support/Providers/RouteServiceProvider.php(72): Illuminate\Container\Container->call(Array)
#16 /home/blackhole/Documents/project/simpatda/simpatda/vendor/laravel/framework/src/Illuminate/Foundation/Support/Providers/RouteServiceProvider.php(31): Illuminate\Foundation\Support\Providers\RouteServiceProvider->loadRoutes()
#17 /home/blackhole/Documents/project/simpatda/simpatda/app/Providers/RouteServiceProvider.php(29): Illuminate\Foundation\Support\Providers\RouteServiceProvider->boot(Object(Illuminate\Routing\Router))
#18 [internal function]: App\Providers\RouteServiceProvider->boot(Object(Illuminate\Routing\Router))
#19 /home/blackhole/Documents/project/simpatda/simpatda/vendor/laravel/framework/src/Illuminate/Container/Container.php(507): call_user_func_array(Array, Array)
#20 /home/blackhole/Documents/project/simpatda/simpatda/vendor/laravel/framework/src/Illuminate/Foundation/Application.php(757): Illuminate\Container\Container->call(Array)
#21 /home/blackhole/Documents/project/simpatda/simpatda/vendor/laravel/framework/src/Illuminate/Foundation/Application.php(740): Illuminate\Foundation\Application->bootProvider(Object(App\Providers\RouteServiceProvider))
#22 [internal function]: Illuminate\Foundation\Application->Illuminate\Foundation\{closure}(Object(App\Providers\RouteServiceProvider), 14)
#23 /home/blackhole/Documents/project/simpatda/simpatda/vendor/laravel/framework/src/Illuminate/Foundation/Application.php(741): array_walk(Array, Object(Closure))
#24 /home/blackhole/Documents/project/simpatda/simpatda/vendor/laravel/framework/src/Illuminate/Foundation/Bootstrap/BootProviders.php(17): Illuminate\Foundation\Application->boot()
#25 /home/blackhole/Documents/project/simpatda/simpatda/vendor/laravel/framework/src/Illuminate/Foundation/Application.php(203): Illuminate\Foundation\Bootstrap\BootProviders->bootstrap(Object(Illuminate\Foundation\Application))
#26 /home/blackhole/Documents/project/simpatda/simpatda/vendor/laravel/framework/src/Illuminate/Foundation/Http/Kernel.php(232): Illuminate\Foundation\Application->bootstrapWith(Array)
#27 /home/blackhole/Documents/project/simpatda/simpatda/vendor/laravel/framework/src/Illuminate/Foundation/Http/Kernel.php(127): Illuminate\Foundation\Http\Kernel->bootstrap()
#28 /home/blackhole/Documents/project/simpatda/simpatda/vendor/laravel/framework/src/Illuminate/Foundation/Http/Kernel.php(99): Illuminate\Foundation\Http\Kernel->sendRequestThroughRouter(Object(Illuminate\Http\Request))
#29 /home/blackhole/Documents/project/simpatda/simpatda/public/index.php(54): Illuminate\Foundation\Http\Kernel->handle(Object(Illuminate\Http\Request))
#30 /home/blackhole/Documents/project/simpatda/simpatda/server.php(21): require_once('/home/blackhole...')
#31 {main}  
[2016-10-27 10:07:09] local.ERROR: exception 'ReflectionException' with message 'Class App\Http\Controllers\pendaftaranPribadiController does not exist' in /home/blackhole/Documents/project/simpatda/simpatda/vendor/laravel/framework/src/Illuminate/Routing/Route.php:280
Stack trace:
#0 /home/blackhole/Documents/project/simpatda/simpatda/vendor/laravel/framework/src/Illuminate/Routing/Route.php(280): ReflectionMethod->__construct('App\Http\Contro...', 'index')
#1 /home/blackhole/Documents/project/simpatda/simpatda/vendor/laravel/framework/src/Illuminate/Routing/Router.php(857): Illuminate\Routing\Route->signatureParameters('Illuminate\Data...')
#2 /home/blackhole/Documents/project/simpatda/simpatda/vendor/laravel/framework/src/Illuminate/Routing/Router.php(842): Illuminate\Routing\Router->substituteImplicitBindings(Object(Illuminate\Routing\Route))
#3 /home/blackhole/Documents/project/simpatda/simpatda/vendor/laravel/framework/src/Illuminate/Routing/Router.php(825): Illuminate\Routing\Router->substituteBindings(Object(Illuminate\Routing\Route))
#4 /home/blackhole/Documents/project/simpatda/simpatda/vendor/laravel/framework/src/Illuminate/Routing/Router.php(691): Illuminate\Routing\Router->findRoute(Object(Illuminate\Http\Request))
#5 /home/blackhole/Documents/project/simpatda/simpatda/vendor/laravel/framework/src/Illuminate/Routing/Router.php(675): Illuminate\Routing\Router->dispatchToRoute(Object(Illuminate\Http\Request))
#6 /home/blackhole/Documents/project/simpatda/simpatda/vendor/laravel/framework/src/Illuminate/Foundation/Http/Kernel.php(246): Illuminate\Routing\Router->dispatch(Object(Illuminate\Http\Request))
#7 [internal function]: Illuminate\Foundation\Http\Kernel->Illuminate\Foundation\Http\{closure}(Object(Illuminate\Http\Request))
#8 /home/blackhole/Documents/project/simpatda/simpatda/vendor/laravel/framework/src/Illuminate/Routing/Pipeline.php(52): call_user_func(Object(Closure), Object(Illuminate\Http\Request))
#9 /home/blackhole/Documents/project/simpatda/simpatda/vendor/laravel/framework/src/Illuminate/Foundation/Http/Middleware/CheckForMaintenanceMode.php(44): Illuminate\Routing\Pipeline->Illuminate\Routing\{closure}(Object(Illuminate\Http\Request))
#10 [internal function]: Illuminate\Foundation\Http\Middleware\CheckForMaintenanceMode->handle(Object(Illuminate\Http\Request), Object(Closure))
#11 /home/blackhole/Documents/project/simpatda/simpatda/vendor/laravel/framework/src/Illuminate/Pipeline/Pipeline.php(136): call_user_func_array(Array, Array)
#12 [internal function]: Illuminate\Pipeline\Pipeline->Illuminate\Pipeline\{closure}(Object(Illuminate\Http\Request))
#13 /home/blackhole/Documents/project/simpatda/simpatda/vendor/laravel/framework/src/Illuminate/Routing/Pipeline.php(32): call_user_func(Object(Closure), Object(Illuminate\Http\Request))
#14 [internal function]: Illuminate\Routing\Pipeline->Illuminate\Routing\{closure}(Object(Illuminate\Http\Request))
#15 /home/blackhole/Documents/project/simpatda/simpatda/vendor/laravel/framework/src/Illuminate/Pipeline/Pipeline.php(103): call_user_func(Object(Closure), Object(Illuminate\Http\Request))
#16 /home/blackhole/Documents/project/simpatda/simpatda/vendor/laravel/framework/src/Illuminate/Foundation/Http/Kernel.php(132): Illuminate\Pipeline\Pipeline->then(Object(Closure))
#17 /home/blackhole/Documents/project/simpatda/simpatda/vendor/laravel/framework/src/Illuminate/Foundation/Http/Kernel.php(99): Illuminate\Foundation\Http\Kernel->sendRequestThroughRouter(Object(Illuminate\Http\Request))
#18 /home/blackhole/Documents/project/simpatda/simpatda/public/index.php(54): Illuminate\Foundation\Http\Kernel->handle(Object(Illuminate\Http\Request))
#19 /home/blackhole/Documents/project/simpatda/simpatda/server.php(21): require_once('/home/blackhole...')
#20 {main}  
[2016-10-27 10:08:13] local.ERROR: exception 'ReflectionException' with message 'Class App\Http\Controllers\pendaftaranPribadiController does not exist' in /home/blackhole/Documents/project/simpatda/simpatda/vendor/laravel/framework/src/Illuminate/Routing/Route.php:280
Stack trace:
#0 /home/blackhole/Documents/project/simpatda/simpatda/vendor/laravel/framework/src/Illuminate/Routing/Route.php(280): ReflectionMethod->__construct('App\Http\Contro...', 'index')
#1 /home/blackhole/Documents/project/simpatda/simpatda/vendor/laravel/framework/src/Illuminate/Routing/Router.php(857): Illuminate\Routing\Route->signatureParameters('Illuminate\Data...')
#2 /home/blackhole/Documents/project/simpatda/simpatda/vendor/laravel/framework/src/Illuminate/Routing/Router.php(842): Illuminate\Routing\Router->substituteImplicitBindings(Object(Illuminate\Routing\Route))
#3 /home/blackhole/Documents/project/simpatda/simpatda/vendor/laravel/framework/src/Illuminate/Routing/Router.php(825): Illuminate\Routing\Router->substituteBindings(Object(Illuminate\Routing\Route))
#4 /home/blackhole/Documents/project/simpatda/simpatda/vendor/laravel/framework/src/Illuminate/Routing/Router.php(691): Illuminate\Routing\Router->findRoute(Object(Illuminate\Http\Request))
#5 /home/blackhole/Documents/project/simpatda/simpatda/vendor/laravel/framework/src/Illuminate/Routing/Router.php(675): Illuminate\Routing\Router->dispatchToRoute(Object(Illuminate\Http\Request))
#6 /home/blackhole/Documents/project/simpatda/simpatda/vendor/laravel/framework/src/Illuminate/Foundation/Http/Kernel.php(246): Illuminate\Routing\Router->dispatch(Object(Illuminate\Http\Request))
#7 [internal function]: Illuminate\Foundation\Http\Kernel->Illuminate\Foundation\Http\{closure}(Object(Illuminate\Http\Request))
#8 /home/blackhole/Documents/project/simpatda/simpatda/vendor/laravel/framework/src/Illuminate/Routing/Pipeline.php(52): call_user_func(Object(Closure), Object(Illuminate\Http\Request))
#9 /home/blackhole/Documents/project/simpatda/simpatda/vendor/laravel/framework/src/Illuminate/Foundation/Http/Middleware/CheckForMaintenanceMode.php(44): Illuminate\Routing\Pipeline->Illuminate\Routing\{closure}(Object(Illuminate\Http\Request))
#10 [internal function]: Illuminate\Foundation\Http\Middleware\CheckForMaintenanceMode->handle(Object(Illuminate\Http\Request), Object(Closure))
#11 /home/blackhole/Documents/project/simpatda/simpatda/vendor/laravel/framework/src/Illuminate/Pipeline/Pipeline.php(136): call_user_func_array(Array, Array)
#12 [internal function]: Illuminate\Pipeline\Pipeline->Illuminate\Pipeline\{closure}(Object(Illuminate\Http\Request))
#13 /home/blackhole/Documents/project/simpatda/simpatda/vendor/laravel/framework/src/Illuminate/Routing/Pipeline.php(32): call_user_func(Object(Closure), Object(Illuminate\Http\Request))
#14 [internal function]: Illuminate\Routing\Pipeline->Illuminate\Routing\{closure}(Object(Illuminate\Http\Request))
#15 /home/blackhole/Documents/project/simpatda/simpatda/vendor/laravel/framework/src/Illuminate/Pipeline/Pipeline.php(103): call_user_func(Object(Closure), Object(Illuminate\Http\Request))
#16 /home/blackhole/Documents/project/simpatda/simpatda/vendor/laravel/framework/src/Illuminate/Foundation/Http/Kernel.php(132): Illuminate\Pipeline\Pipeline->then(Object(Closure))
#17 /home/blackhole/Documents/project/simpatda/simpatda/vendor/laravel/framework/src/Illuminate/Foundation/Http/Kernel.php(99): Illuminate\Foundation\Http\Kernel->sendRequestThroughRouter(Object(Illuminate\Http\Request))
#18 /home/blackhole/Documents/project/simpatda/simpatda/public/index.php(54): Illuminate\Foundation\Http\Kernel->handle(Object(Illuminate\Http\Request))
#19 /home/blackhole/Documents/project/simpatda/simpatda/server.php(21): require_once('/home/blackhole...')
#20 {main}  
[2016-10-27 10:08:13] local.ERROR: exception 'ReflectionException' with message 'Class App\Http\Controllers\pendaftaranPribadiController does not exist' in /home/blackhole/Documents/project/simpatda/simpatda/vendor/laravel/framework/src/Illuminate/Routing/Route.php:280
Stack trace:
#0 /home/blackhole/Documents/project/simpatda/simpatda/vendor/laravel/framework/src/Illuminate/Routing/Route.php(280): ReflectionMethod->__construct('App\Http\Contro...', 'index')
#1 /home/blackhole/Documents/project/simpatda/simpatda/vendor/laravel/framework/src/Illuminate/Routing/Router.php(857): Illuminate\Routing\Route->signatureParameters('Illuminate\Data...')
#2 /home/blackhole/Documents/project/simpatda/simpatda/vendor/laravel/framework/src/Illuminate/Routing/Router.php(842): Illuminate\Routing\Router->substituteImplicitBindings(Object(Illuminate\Routing\Route))
#3 /home/blackhole/Documents/project/simpatda/simpatda/vendor/laravel/framework/src/Illuminate/Routing/Router.php(825): Illuminate\Routing\Router->substituteBindings(Object(Illuminate\Routing\Route))
#4 /home/blackhole/Documents/project/simpatda/simpatda/vendor/laravel/framework/src/Illuminate/Routing/Router.php(691): Illuminate\Routing\Router->findRoute(Object(Illuminate\Http\Request))
#5 /home/blackhole/Documents/project/simpatda/simpatda/vendor/laravel/framework/src/Illuminate/Routing/Router.php(675): Illuminate\Routing\Router->dispatchToRoute(Object(Illuminate\Http\Request))
#6 /home/blackhole/Documents/project/simpatda/simpatda/vendor/laravel/framework/src/Illuminate/Foundation/Http/Kernel.php(246): Illuminate\Routing\Router->dispatch(Object(Illuminate\Http\Request))
#7 [internal function]: Illuminate\Foundation\Http\Kernel->Illuminate\Foundation\Http\{closure}(Object(Illuminate\Http\Request))
#8 /home/blackhole/Documents/project/simpatda/simpatda/vendor/laravel/framework/src/Illuminate/Routing/Pipeline.php(52): call_user_func(Object(Closure), Object(Illuminate\Http\Request))
#9 /home/blackhole/Documents/project/simpatda/simpatda/vendor/laravel/framework/src/Illuminate/Foundation/Http/Middleware/CheckForMaintenanceMode.php(44): Illuminate\Routing\Pipeline->Illuminate\Routing\{closure}(Object(Illuminate\Http\Request))
#10 [internal function]: Illuminate\Foundation\Http\Middleware\CheckForMaintenanceMode->handle(Object(Illuminate\Http\Request), Object(Closure))
#11 /home/blackhole/Documents/project/simpatda/simpatda/vendor/laravel/framework/src/Illuminate/Pipeline/Pipeline.php(136): call_user_func_array(Array, Array)
#12 [internal function]: Illuminate\Pipeline\Pipeline->Illuminate\Pipeline\{closure}(Object(Illuminate\Http\Request))
#13 /home/blackhole/Documents/project/simpatda/simpatda/vendor/laravel/framework/src/Illuminate/Routing/Pipeline.php(32): call_user_func(Object(Closure), Object(Illuminate\Http\Request))
#14 [internal function]: Illuminate\Routing\Pipeline->Illuminate\Routing\{closure}(Object(Illuminate\Http\Request))
#15 /home/blackhole/Documents/project/simpatda/simpatda/vendor/laravel/framework/src/Illuminate/Pipeline/Pipeline.php(103): call_user_func(Object(Closure), Object(Illuminate\Http\Request))
#16 /home/blackhole/Documents/project/simpatda/simpatda/vendor/laravel/framework/src/Illuminate/Foundation/Http/Kernel.php(132): Illuminate\Pipeline\Pipeline->then(Object(Closure))
#17 /home/blackhole/Documents/project/simpatda/simpatda/vendor/laravel/framework/src/Illuminate/Foundation/Http/Kernel.php(99): Illuminate\Foundation\Http\Kernel->sendRequestThroughRouter(Object(Illuminate\Http\Request))
#18 /home/blackhole/Documents/project/simpatda/simpatda/public/index.php(54): Illuminate\Foundation\Http\Kernel->handle(Object(Illuminate\Http\Request))
#19 /home/blackhole/Documents/project/simpatda/simpatda/server.php(21): require_once('/home/blackhole...')
#20 {main}  
[2016-10-27 10:39:35] local.ERROR: exception 'Symfony\Component\Debug\Exception\FatalErrorException' with message 'Class 'App\Http\Controllers\App\badan_usaha' not found' in /home/blackhole/Documents/project/simpatda/simpatda/app/Http/Controllers/tes.php:21
Stack trace:
#0 {main}  
[2016-10-27 10:43:58] local.ERROR: exception 'Symfony\Component\Debug\Exception\FatalErrorException' with message 'Class 'App\Http\Controllers\App\badan_usaha' not found' in /home/blackhole/Documents/project/simpatda/simpatda/app/Http/Controllers/tes.php:21
Stack trace:
#0 {main}  
[2016-10-27 10:43:59] local.ERROR: exception 'Symfony\Component\Debug\Exception\FatalErrorException' with message 'Class 'App\Http\Controllers\App\badan_usaha' not found' in /home/blackhole/Documents/project/simpatda/simpatda/app/Http/Controllers/tes.php:21
Stack trace:
#0 {main}  
[2016-10-27 10:44:00] local.ERROR: exception 'Symfony\Component\Debug\Exception\FatalErrorException' with message 'Class 'App\Http\Controllers\App\badan_usaha' not found' in /home/blackhole/Documents/project/simpatda/simpatda/app/Http/Controllers/tes.php:21
Stack trace:
#0 {main}  
[2016-10-27 10:44:00] local.ERROR: exception 'Symfony\Component\Debug\Exception\FatalErrorException' with message 'Class 'App\Http\Controllers\App\badan_usaha' not found' in /home/blackhole/Documents/project/simpatda/simpatda/app/Http/Controllers/tes.php:21
Stack trace:
#0 {main}  
[2016-10-27 10:44:41] local.ERROR: exception 'PDOException' with message 'SQLSTATE[42P01]: Undefined table: 7 ERROR:  relation "badan_usahas" does not exist
LINE 1: select * from "badan_usahas"
                      ^' in /home/blackhole/Documents/project/simpatda/simpatda/vendor/laravel/framework/src/Illuminate/Database/Connection.php:335
Stack trace:
#0 /home/blackhole/Documents/project/simpatda/simpatda/vendor/laravel/framework/src/Illuminate/Database/Connection.php(335): PDOStatement->execute(Array)
#1 /home/blackhole/Documents/project/simpatda/simpatda/vendor/laravel/framework/src/Illuminate/Database/Connection.php(722): Illuminate\Database\Connection->Illuminate\Database\{closure}(Object(Illuminate\Database\PostgresConnection), 'select * from "...', Array)
#2 /home/blackhole/Documents/project/simpatda/simpatda/vendor/laravel/framework/src/Illuminate/Database/Connection.php(685): Illuminate\Database\Connection->runQueryCallback('select * from "...', Array, Object(Closure))
#3 /home/blackhole/Documents/project/simpatda/simpatda/vendor/laravel/framework/src/Illuminate/Database/Connection.php(349): Illuminate\Database\Connection->run('select * from "...', Array, Object(Closure))
#4 /home/blackhole/Documents/project/simpatda/simpatda/vendor/laravel/framework/src/Illuminate/Database/Query/Builder.php(1610): Illuminate\Database\Connection->select('select * from "...', Array, true)
#5 /home/blackhole/Documents/project/simpatda/simpatda/vendor/laravel/framework/src/Illuminate/Database/Query/Builder.php(1596): Illuminate\Database\Query\Builder->runSelect()
#6 /home/blackhole/Documents/project/simpatda/simpatda/vendor/laravel/framework/src/Illuminate/Database/Eloquent/Builder.php(625): Illuminate\Database\Query\Builder->get(Array)
#7 /home/blackhole/Documents/project/simpatda/simpatda/vendor/laravel/framework/src/Illuminate/Database/Eloquent/Builder.php(316): Illuminate\Database\Eloquent\Builder->getModels(Array)
#8 /home/blackhole/Documents/project/simpatda/simpatda/vendor/laravel/framework/src/Illuminate/Database/Eloquent/Model.php(649): Illuminate\Database\Eloquent\Builder->get(Array)
#9 /home/blackhole/Documents/project/simpatda/simpatda/app/Http/Controllers/tes.php(21): Illuminate\Database\Eloquent\Model::all()
#10 [internal function]: App\Http\Controllers\tes->index()
#11 /home/blackhole/Documents/project/simpatda/simpatda/vendor/laravel/framework/src/Illuminate/Routing/Controller.php(80): call_user_func_array(Array, Array)
#12 /home/blackhole/Documents/project/simpatda/simpatda/vendor/laravel/framework/src/Illuminate/Routing/ControllerDispatcher.php(146): Illuminate\Routing\Controller->callAction('index', Array)
#13 /home/blackhole/Documents/project/simpatda/simpatda/vendor/laravel/framework/src/Illuminate/Routing/ControllerDispatcher.php(94): Illuminate\Routing\ControllerDispatcher->call(Object(App\Http\Controllers\tes), Object(Illuminate\Routing\Route), 'index')
#14 [internal function]: Illuminate\Routing\ControllerDispatcher->Illuminate\Routing\{closure}(Object(Illuminate\Http\Request))
#15 /home/blackhole/Documents/project/simpatda/simpatda/vendor/laravel/framework/src/Illuminate/Routing/Pipeline.php(52): call_user_func(Object(Closure), Object(Illuminate\Http\Request))
#16 [internal function]: Illuminate\Routing\Pipeline->Illuminate\Routing\{closure}(Object(Illuminate\Http\Request))
#17 /home/blackhole/Documents/project/simpatda/simpatda/vendor/laravel/framework/src/Illuminate/Pipeline/Pipeline.php(103): call_user_func(Object(Closure), Object(Illuminate\Http\Request))
#18 /home/blackhole/Documents/project/simpatda/simpatda/vendor/laravel/framework/src/Illuminate/Routing/ControllerDispatcher.php(96): Illuminate\Pipeline\Pipeline->then(Object(Closure))
#19 /home/blackhole/Documents/project/simpatda/simpatda/vendor/laravel/framework/src/Illuminate/Routing/ControllerDispatcher.php(54): Illuminate\Routing\ControllerDispatcher->callWithinStack(Object(App\Http\Controllers\tes), Object(Illuminate\Routing\Route), Object(Illuminate\Http\Request), 'index')
#20 /home/blackhole/Documents/project/simpatda/simpatda/vendor/laravel/framework/src/Illuminate/Routing/Route.php(174): Illuminate\Routing\ControllerDispatcher->dispatch(Object(Illuminate\Routing\Route), Object(Illuminate\Http\Request), 'App\Http\Contro...', 'index')
#21 /home/blackhole/Documents/project/simpatda/simpatda/vendor/laravel/framework/src/Illuminate/Routing/Route.php(140): Illuminate\Routing\Route->runController(Object(Illuminate\Http\Request))
#22 /home/blackhole/Documents/project/simpatda/simpatda/vendor/laravel/framework/src/Illuminate/Routing/Router.php(724): Illuminate\Routing\Route->run(Object(Illuminate\Http\Request))
#23 [internal function]: Illuminate\Routing\Router->Illuminate\Routing\{closure}(Object(Illuminate\Http\Request))
#24 /home/blackhole/Documents/project/simpatda/simpatda/vendor/laravel/framework/src/Illuminate/Routing/Pipeline.php(52): call_user_func(Object(Closure), Object(Illuminate\Http\Request))
#25 /home/blackhole/Documents/project/simpatda/simpatda/vendor/laravel/framework/src/Illuminate/Foundation/Http/Middleware/VerifyCsrfToken.php(64): Illuminate\Routing\Pipeline->Illuminate\Routing\{closure}(Object(Illuminate\Http\Request))
#26 [internal function]: Illuminate\Foundation\Http\Middleware\VerifyCsrfToken->handle(Object(Illuminate\Http\Request), Object(Closure))
#27 /home/blackhole/Documents/project/simpatda/simpatda/vendor/laravel/framework/src/Illuminate/Pipeline/Pipeline.php(136): call_user_func_array(Array, Array)
#28 [internal function]: Illuminate\Pipeline\Pipeline->Illuminate\Pipeline\{closure}(Object(Illuminate\Http\Request))
#29 /home/blackhole/Documents/project/simpatda/simpatda/vendor/laravel/framework/src/Illuminate/Routing/Pipeline.php(32): call_user_func(Object(Closure), Object(Illuminate\Http\Request))
#30 /home/blackhole/Documents/project/simpatda/simpatda/vendor/laravel/framework/src/Illuminate/View/Middleware/ShareErrorsFromSession.php(49): Illuminate\Routing\Pipeline->Illuminate\Routing\{closure}(Object(Illuminate\Http\Request))
#31 [internal function]: Illuminate\View\Middleware\ShareErrorsFromSession->handle(Object(Illuminate\Http\Request), Object(Closure))
#32 /home/blackhole/Documents/project/simpatda/simpatda/vendor/laravel/framework/src/Illuminate/Pipeline/Pipeline.php(136): call_user_func_array(Array, Array)
#33 [internal function]: Illuminate\Pipeline\Pipeline->Illuminate\Pipeline\{closure}(Object(Illuminate\Http\Request))
#34 /home/blackhole/Documents/project/simpatda/simpatda/vendor/laravel/framework/src/Illuminate/Routing/Pipeline.php(32): call_user_func(Object(Closure), Object(Illuminate\Http\Request))
#35 /home/blackhole/Documents/project/simpatda/simpatda/vendor/laravel/framework/src/Illuminate/Session/Middleware/StartSession.php(64): Illuminate\Routing\Pipeline->Illuminate\Routing\{closure}(Object(Illuminate\Http\Request))
#36 [internal function]: Illuminate\Session\Middleware\StartSession->handle(Object(Illuminate\Http\Request), Object(Closure))
#37 /home/blackhole/Documents/project/simpatda/simpatda/vendor/laravel/framework/src/Illuminate/Pipeline/Pipeline.php(136): call_user_func_array(Array, Array)
#38 [internal function]: Illuminate\Pipeline\Pipeline->Illuminate\Pipeline\{closure}(Object(Illuminate\Http\Request))
#39 /home/blackhole/Documents/project/simpatda/simpatda/vendor/laravel/framework/src/Illuminate/Routing/Pipeline.php(32): call_user_func(Object(Closure), Object(Illuminate\Http\Request))
#40 /home/blackhole/Documents/project/simpatda/simpatda/vendor/laravel/framework/src/Illuminate/Cookie/Middleware/AddQueuedCookiesToResponse.php(37): Illuminate\Routing\Pipeline->Illuminate\Routing\{closure}(Object(Illuminate\Http\Request))
#41 [internal function]: Illuminate\Cookie\Middleware\AddQueuedCookiesToResponse->handle(Object(Illuminate\Http\Request), Object(Closure))
#42 /home/blackhole/Documents/project/simpatda/simpatda/vendor/laravel/framework/src/Illuminate/Pipeline/Pipeline.php(136): call_user_func_array(Array, Array)
#43 [internal function]: Illuminate\Pipeline\Pipeline->Illuminate\Pipeline\{closure}(Object(Illuminate\Http\Request))
#44 /home/blackhole/Documents/project/simpatda/simpatda/vendor/laravel/framework/src/Illuminate/Routing/Pipeline.php(32): call_user_func(Object(Closure), Object(Illuminate\Http\Request))
#45 /home/blackhole/Documents/project/simpatda/simpatda/vendor/laravel/framework/src/Illuminate/Cookie/Middleware/EncryptCookies.php(59): Illuminate\Routing\Pipeline->Illuminate\Routing\{closure}(Object(Illuminate\Http\Request))
#46 [internal function]: Illuminate\Cookie\Middleware\EncryptCookies->handle(Object(Illuminate\Http\Request), Object(Closure))
#47 /home/blackhole/Documents/project/simpatda/simpatda/vendor/laravel/framework/src/Illuminate/Pipeline/Pipeline.php(136): call_user_func_array(Array, Array)
#48 [internal function]: Illuminate\Pipeline\Pipeline->Illuminate\Pipeline\{closure}(Object(Illuminate\Http\Request))
#49 /home/blackhole/Documents/project/simpatda/simpatda/vendor/laravel/framework/src/Illuminate/Routing/Pipeline.php(32): call_user_func(Object(Closure), Object(Illuminate\Http\Request))
#50 [internal function]: Illuminate\Routing\Pipeline->Illuminate\Routing\{closure}(Object(Illuminate\Http\Request))
#51 /home/blackhole/Documents/project/simpatda/simpatda/vendor/laravel/framework/src/Illuminate/Pipeline/Pipeline.php(103): call_user_func(Object(Closure), Object(Illuminate\Http\Request))
#52 /home/blackhole/Documents/project/simpatda/simpatda/vendor/laravel/framework/src/Illuminate/Routing/Router.php(726): Illuminate\Pipeline\Pipeline->then(Object(Closure))
#53 /home/blackhole/Documents/project/simpatda/simpatda/vendor/laravel/framework/src/Illuminate/Routing/Router.php(699): Illuminate\Routing\Router->runRouteWithinStack(Object(Illuminate\Routing\Route), Object(Illuminate\Http\Request))
#54 /home/blackhole/Documents/project/simpatda/simpatda/vendor/laravel/framework/src/Illuminate/Routing/Router.php(675): Illuminate\Routing\Router->dispatchToRoute(Object(Illuminate\Http\Request))
#55 /home/blackhole/Documents/project/simpatda/simpatda/vendor/laravel/framework/src/Illuminate/Foundation/Http/Kernel.php(246): Illuminate\Routing\Router->dispatch(Object(Illuminate\Http\Request))
#56 [internal function]: Illuminate\Foundation\Http\Kernel->Illuminate\Foundation\Http\{closure}(Object(Illuminate\Http\Request))
#57 /home/blackhole/Documents/project/simpatda/simpatda/vendor/laravel/framework/src/Illuminate/Routing/Pipeline.php(52): call_user_func(Object(Closure), Object(Illuminate\Http\Request))
#58 /home/blackhole/Documents/project/simpatda/simpatda/vendor/laravel/framework/src/Illuminate/Foundation/Http/Middleware/CheckForMaintenanceMode.php(44): Illuminate\Routing\Pipeline->Illuminate\Routing\{closure}(Object(Illuminate\Http\Request))
#59 [internal function]: Illuminate\Foundation\Http\Middleware\CheckForMaintenanceMode->handle(Object(Illuminate\Http\Request), Object(Closure))
#60 /home/blackhole/Documents/project/simpatda/simpatda/vendor/laravel/framework/src/Illuminate/Pipeline/Pipeline.php(136): call_user_func_array(Array, Array)
#61 [internal function]: Illuminate\Pipeline\Pipeline->Illuminate\Pipeline\{closure}(Object(Illuminate\Http\Request))
#62 /home/blackhole/Documents/project/simpatda/simpatda/vendor/laravel/framework/src/Illuminate/Routing/Pipeline.php(32): call_user_func(Object(Closure), Object(Illuminate\Http\Request))
#63 [internal function]: Illuminate\Routing\Pipeline->Illuminate\Routing\{closure}(Object(Illuminate\Http\Request))
#64 /home/blackhole/Documents/project/simpatda/simpatda/vendor/laravel/framework/src/Illuminate/Pipeline/Pipeline.php(103): call_user_func(Object(Closure), Object(Illuminate\Http\Request))
#65 /home/blackhole/Documents/project/simpatda/simpatda/vendor/laravel/framework/src/Illuminate/Foundation/Http/Kernel.php(132): Illuminate\Pipeline\Pipeline->then(Object(Closure))
#66 /home/blackhole/Documents/project/simpatda/simpatda/vendor/laravel/framework/src/Illuminate/Foundation/Http/Kernel.php(99): Illuminate\Foundation\Http\Kernel->sendRequestThroughRouter(Object(Illuminate\Http\Request))
#67 /home/blackhole/Documents/project/simpatda/simpatda/public/index.php(54): Illuminate\Foundation\Http\Kernel->handle(Object(Illuminate\Http\Request))
#68 /home/blackhole/Documents/project/simpatda/simpatda/server.php(21): require_once('/home/blackhole...')
#69 {main}

Next exception 'Illuminate\Database\QueryException' with message 'SQLSTATE[42P01]: Undefined table: 7 ERROR:  relation "badan_usahas" does not exist
LINE 1: select * from "badan_usahas"
                      ^ (SQL: select * from "badan_usahas")' in /home/blackhole/Documents/project/simpatda/simpatda/vendor/laravel/framework/src/Illuminate/Database/Connection.php:729
Stack trace:
#0 /home/blackhole/Documents/project/simpatda/simpatda/vendor/laravel/framework/src/Illuminate/Database/Connection.php(685): Illuminate\Database\Connection->runQueryCallback('select * from "...', Array, Object(Closure))
#1 /home/blackhole/Documents/project/simpatda/simpatda/vendor/laravel/framework/src/Illuminate/Database/Connection.php(349): Illuminate\Database\Connection->run('select * from "...', Array, Object(Closure))
#2 /home/blackhole/Documents/project/simpatda/simpatda/vendor/laravel/framework/src/Illuminate/Database/Query/Builder.php(1610): Illuminate\Database\Connection->select('select * from "...', Array, true)
#3 /home/blackhole/Documents/project/simpatda/simpatda/vendor/laravel/framework/src/Illuminate/Database/Query/Builder.php(1596): Illuminate\Database\Query\Builder->runSelect()
#4 /home/blackhole/Documents/project/simpatda/simpatda/vendor/laravel/framework/src/Illuminate/Database/Eloquent/Builder.php(625): Illuminate\Database\Query\Builder->get(Array)
#5 /home/blackhole/Documents/project/simpatda/simpatda/vendor/laravel/framework/src/Illuminate/Database/Eloquent/Builder.php(316): Illuminate\Database\Eloquent\Builder->getModels(Array)
#6 /home/blackhole/Documents/project/simpatda/simpatda/vendor/laravel/framework/src/Illuminate/Database/Eloquent/Model.php(649): Illuminate\Database\Eloquent\Builder->get(Array)
#7 /home/blackhole/Documents/project/simpatda/simpatda/app/Http/Controllers/tes.php(21): Illuminate\Database\Eloquent\Model::all()
#8 [internal function]: App\Http\Controllers\tes->index()
#9 /home/blackhole/Documents/project/simpatda/simpatda/vendor/laravel/framework/src/Illuminate/Routing/Controller.php(80): call_user_func_array(Array, Array)
#10 /home/blackhole/Documents/project/simpatda/simpatda/vendor/laravel/framework/src/Illuminate/Routing/ControllerDispatcher.php(146): Illuminate\Routing\Controller->callAction('index', Array)
#11 /home/blackhole/Documents/project/simpatda/simpatda/vendor/laravel/framework/src/Illuminate/Routing/ControllerDispatcher.php(94): Illuminate\Routing\ControllerDispatcher->call(Object(App\Http\Controllers\tes), Object(Illuminate\Routing\Route), 'index')
#12 [internal function]: Illuminate\Routing\ControllerDispatcher->Illuminate\Routing\{closure}(Object(Illuminate\Http\Request))
#13 /home/blackhole/Documents/project/simpatda/simpatda/vendor/laravel/framework/src/Illuminate/Routing/Pipeline.php(52): call_user_func(Object(Closure), Object(Illuminate\Http\Request))
#14 [internal function]: Illuminate\Routing\Pipeline->Illuminate\Routing\{closure}(Object(Illuminate\Http\Request))
#15 /home/blackhole/Documents/project/simpatda/simpatda/vendor/laravel/framework/src/Illuminate/Pipeline/Pipeline.php(103): call_user_func(Object(Closure), Object(Illuminate\Http\Request))
#16 /home/blackhole/Documents/project/simpatda/simpatda/vendor/laravel/framework/src/Illuminate/Routing/ControllerDispatcher.php(96): Illuminate\Pipeline\Pipeline->then(Object(Closure))
#17 /home/blackhole/Documents/project/simpatda/simpatda/vendor/laravel/framework/src/Illuminate/Routing/ControllerDispatcher.php(54): Illuminate\Routing\ControllerDispatcher->callWithinStack(Object(App\Http\Controllers\tes), Object(Illuminate\Routing\Route), Object(Illuminate\Http\Request), 'index')
#18 /home/blackhole/Documents/project/simpatda/simpatda/vendor/laravel/framework/src/Illuminate/Routing/Route.php(174): Illuminate\Routing\ControllerDispatcher->dispatch(Object(Illuminate\Routing\Route), Object(Illuminate\Http\Request), 'App\Http\Contro...', 'index')
#19 /home/blackhole/Documents/project/simpatda/simpatda/vendor/laravel/framework/src/Illuminate/Routing/Route.php(140): Illuminate\Routing\Route->runController(Object(Illuminate\Http\Request))
#20 /home/blackhole/Documents/project/simpatda/simpatda/vendor/laravel/framework/src/Illuminate/Routing/Router.php(724): Illuminate\Routing\Route->run(Object(Illuminate\Http\Request))
#21 [internal function]: Illuminate\Routing\Router->Illuminate\Routing\{closure}(Object(Illuminate\Http\Request))
#22 /home/blackhole/Documents/project/simpatda/simpatda/vendor/laravel/framework/src/Illuminate/Routing/Pipeline.php(52): call_user_func(Object(Closure), Object(Illuminate\Http\Request))
#23 /home/blackhole/Documents/project/simpatda/simpatda/vendor/laravel/framework/src/Illuminate/Foundation/Http/Middleware/VerifyCsrfToken.php(64): Illuminate\Routing\Pipeline->Illuminate\Routing\{closure}(Object(Illuminate\Http\Request))
#24 [internal function]: Illuminate\Foundation\Http\Middleware\VerifyCsrfToken->handle(Object(Illuminate\Http\Request), Object(Closure))
#25 /home/blackhole/Documents/project/simpatda/simpatda/vendor/laravel/framework/src/Illuminate/Pipeline/Pipeline.php(136): call_user_func_array(Array, Array)
#26 [internal function]: Illuminate\Pipeline\Pipeline->Illuminate\Pipeline\{closure}(Object(Illuminate\Http\Request))
#27 /home/blackhole/Documents/project/simpatda/simpatda/vendor/laravel/framework/src/Illuminate/Routing/Pipeline.php(32): call_user_func(Object(Closure), Object(Illuminate\Http\Request))
#28 /home/blackhole/Documents/project/simpatda/simpatda/vendor/laravel/framework/src/Illuminate/View/Middleware/ShareErrorsFromSession.php(49): Illuminate\Routing\Pipeline->Illuminate\Routing\{closure}(Object(Illuminate\Http\Request))
#29 [internal function]: Illuminate\View\Middleware\ShareErrorsFromSession->handle(Object(Illuminate\Http\Request), Object(Closure))
#30 /home/blackhole/Documents/project/simpatda/simpatda/vendor/laravel/framework/src/Illuminate/Pipeline/Pipeline.php(136): call_user_func_array(Array, Array)
#31 [internal function]: Illuminate\Pipeline\Pipeline->Illuminate\Pipeline\{closure}(Object(Illuminate\Http\Request))
#32 /home/blackhole/Documents/project/simpatda/simpatda/vendor/laravel/framework/src/Illuminate/Routing/Pipeline.php(32): call_user_func(Object(Closure), Object(Illuminate\Http\Request))
#33 /home/blackhole/Documents/project/simpatda/simpatda/vendor/laravel/framework/src/Illuminate/Session/Middleware/StartSession.php(64): Illuminate\Routing\Pipeline->Illuminate\Routing\{closure}(Object(Illuminate\Http\Request))
#34 [internal function]: Illuminate\Session\Middleware\StartSession->handle(Object(Illuminate\Http\Request), Object(Closure))
#35 /home/blackhole/Documents/project/simpatda/simpatda/vendor/laravel/framework/src/Illuminate/Pipeline/Pipeline.php(136): call_user_func_array(Array, Array)
#36 [internal function]: Illuminate\Pipeline\Pipeline->Illuminate\Pipeline\{closure}(Object(Illuminate\Http\Request))
#37 /home/blackhole/Documents/project/simpatda/simpatda/vendor/laravel/framework/src/Illuminate/Routing/Pipeline.php(32): call_user_func(Object(Closure), Object(Illuminate\Http\Request))
#38 /home/blackhole/Documents/project/simpatda/simpatda/vendor/laravel/framework/src/Illuminate/Cookie/Middleware/AddQueuedCookiesToResponse.php(37): Illuminate\Routing\Pipeline->Illuminate\Routing\{closure}(Object(Illuminate\Http\Request))
#39 [internal function]: Illuminate\Cookie\Middleware\AddQueuedCookiesToResponse->handle(Object(Illuminate\Http\Request), Object(Closure))
#40 /home/blackhole/Documents/project/simpatda/simpatda/vendor/laravel/framework/src/Illuminate/Pipeline/Pipeline.php(136): call_user_func_array(Array, Array)
#41 [internal function]: Illuminate\Pipeline\Pipeline->Illuminate\Pipeline\{closure}(Object(Illuminate\Http\Request))
#42 /home/blackhole/Documents/project/simpatda/simpatda/vendor/laravel/framework/src/Illuminate/Routing/Pipeline.php(32): call_user_func(Object(Closure), Object(Illuminate\Http\Request))
#43 /home/blackhole/Documents/project/simpatda/simpatda/vendor/laravel/framework/src/Illuminate/Cookie/Middleware/EncryptCookies.php(59): Illuminate\Routing\Pipeline->Illuminate\Routing\{closure}(Object(Illuminate\Http\Request))
#44 [internal function]: Illuminate\Cookie\Middleware\EncryptCookies->handle(Object(Illuminate\Http\Request), Object(Closure))
#45 /home/blackhole/Documents/project/simpatda/simpatda/vendor/laravel/framework/src/Illuminate/Pipeline/Pipeline.php(136): call_user_func_array(Array, Array)
#46 [internal function]: Illuminate\Pipeline\Pipeline->Illuminate\Pipeline\{closure}(Object(Illuminate\Http\Request))
#47 /home/blackhole/Documents/project/simpatda/simpatda/vendor/laravel/framework/src/Illuminate/Routing/Pipeline.php(32): call_user_func(Object(Closure), Object(Illuminate\Http\Request))
#48 [internal function]: Illuminate\Routing\Pipeline->Illuminate\Routing\{closure}(Object(Illuminate\Http\Request))
#49 /home/blackhole/Documents/project/simpatda/simpatda/vendor/laravel/framework/src/Illuminate/Pipeline/Pipeline.php(103): call_user_func(Object(Closure), Object(Illuminate\Http\Request))
#50 /home/blackhole/Documents/project/simpatda/simpatda/vendor/laravel/framework/src/Illuminate/Routing/Router.php(726): Illuminate\Pipeline\Pipeline->then(Object(Closure))
#51 /home/blackhole/Documents/project/simpatda/simpatda/vendor/laravel/framework/src/Illuminate/Routing/Router.php(699): Illuminate\Routing\Router->runRouteWithinStack(Object(Illuminate\Routing\Route), Object(Illuminate\Http\Request))
#52 /home/blackhole/Documents/project/simpatda/simpatda/vendor/laravel/framework/src/Illuminate/Routing/Router.php(675): Illuminate\Routing\Router->dispatchToRoute(Object(Illuminate\Http\Request))
#53 /home/blackhole/Documents/project/simpatda/simpatda/vendor/laravel/framework/src/Illuminate/Foundation/Http/Kernel.php(246): Illuminate\Routing\Router->dispatch(Object(Illuminate\Http\Request))
#54 [internal function]: Illuminate\Foundation\Http\Kernel->Illuminate\Foundation\Http\{closure}(Object(Illuminate\Http\Request))
#55 /home/blackhole/Documents/project/simpatda/simpatda/vendor/laravel/framework/src/Illuminate/Routing/Pipeline.php(52): call_user_func(Object(Closure), Object(Illuminate\Http\Request))
#56 /home/blackhole/Documents/project/simpatda/simpatda/vendor/laravel/framework/src/Illuminate/Foundation/Http/Middleware/CheckForMaintenanceMode.php(44): Illuminate\Routing\Pipeline->Illuminate\Routing\{closure}(Object(Illuminate\Http\Request))
#57 [internal function]: Illuminate\Foundation\Http\Middleware\CheckForMaintenanceMode->handle(Object(Illuminate\Http\Request), Object(Closure))
#58 /home/blackhole/Documents/project/simpatda/simpatda/vendor/laravel/framework/src/Illuminate/Pipeline/Pipeline.php(136): call_user_func_array(Array, Array)
#59 [internal function]: Illuminate\Pipeline\Pipeline->Illuminate\Pipeline\{closure}(Object(Illuminate\Http\Request))
#60 /home/blackhole/Documents/project/simpatda/simpatda/vendor/laravel/framework/src/Illuminate/Routing/Pipeline.php(32): call_user_func(Object(Closure), Object(Illuminate\Http\Request))
#61 [internal function]: Illuminate\Routing\Pipeline->Illuminate\Routing\{closure}(Object(Illuminate\Http\Request))
#62 /home/blackhole/Documents/project/simpatda/simpatda/vendor/laravel/framework/src/Illuminate/Pipeline/Pipeline.php(103): call_user_func(Object(Closure), Object(Illuminate\Http\Request))
#63 /home/blackhole/Documents/project/simpatda/simpatda/vendor/laravel/framework/src/Illuminate/Foundation/Http/Kernel.php(132): Illuminate\Pipeline\Pipeline->then(Object(Closure))
#64 /home/blackhole/Documents/project/simpatda/simpatda/vendor/laravel/framework/src/Illuminate/Foundation/Http/Kernel.php(99): Illuminate\Foundation\Http\Kernel->sendRequestThroughRouter(Object(Illuminate\Http\Request))
#65 /home/blackhole/Documents/project/simpatda/simpatda/public/index.php(54): Illuminate\Foundation\Http\Kernel->handle(Object(Illuminate\Http\Request))
#66 /home/blackhole/Documents/project/simpatda/simpatda/server.php(21): require_once('/home/blackhole...')
#67 {main}  
