[2016-12-17 11:23:36] development.ERROR: exception 'PDOException' with message 'SQLSTATE[42601]: Syntax error: 7 ERROR:  syntax error at or near "as"
LINE 1: ...wp_wr" where "wp_wr_gol" = $1 and (LOWER("no_reg" as TEXT) L...
                                                             ^' in /home/blackhole/Documents/project/simpatda/simpatda/vendor/laravel/framework/src/Illuminate/Database/Connection.php:335
Stack trace:
#0 /home/blackhole/Documents/project/simpatda/simpatda/vendor/laravel/framework/src/Illuminate/Database/Connection.php(335): PDOStatement->execute(Array)
#1 /home/blackhole/Documents/project/simpatda/simpatda/vendor/laravel/framework/src/Illuminate/Database/Connection.php(723): Illuminate\Database\Connection->Illuminate\Database\{closure}(Object(Illuminate\Database\PostgresConnection), 'select count(*)...', Array)
#2 /home/blackhole/Documents/project/simpatda/simpatda/vendor/laravel/framework/src/Illuminate/Database/Connection.php(685): Illuminate\Database\Connection->runQueryCallback('select count(*)...', Array, Object(Closure))
#3 /home/blackhole/Documents/project/simpatda/simpatda/vendor/laravel/framework/src/Illuminate/Database/Connection.php(349): Illuminate\Database\Connection->run('select count(*)...', Array, Object(Closure))
#4 /home/blackhole/Documents/project/simpatda/simpatda/vendor/laravel/framework/src/Illuminate/Database/Query/Builder.php(1612): Illuminate\Database\Connection->select('select count(*)...', Array, true)
#5 /home/blackhole/Documents/project/simpatda/simpatda/vendor/laravel/framework/src/Illuminate/Database/Query/Builder.php(1596): Illuminate\Database\Query\Builder->runSelect()
#6 /home/blackhole/Documents/project/simpatda/simpatda/vendor/laravel/framework/src/Illuminate/Database/Query/Builder.php(2004): Illuminate\Database\Query\Builder->get(Array)
#7 /home/blackhole/Documents/project/simpatda/simpatda/vendor/laravel/framework/src/Illuminate/Database/Query/Builder.php(1926): Illuminate\Database\Query\Builder->aggregate('count', Array)
#8 /home/blackhole/Documents/project/simpatda/simpatda/vendor/yajra/laravel-datatables-oracle/src/Engines/QueryBuilderEngine.php(110): Illuminate\Database\Query\Builder->count()
#9 /home/blackhole/Documents/project/simpatda/simpatda/vendor/yajra/laravel-datatables-oracle/src/Engines/BaseEngine.php(650): Yajra\Datatables\Engines\QueryBuilderEngine->count()
#10 /home/blackhole/Documents/project/simpatda/simpatda/vendor/yajra/laravel-datatables-oracle/src/Engines/BaseEngine.php(613): Yajra\Datatables\Engines\BaseEngine->filterRecords()
#11 /home/blackhole/Documents/project/simpatda/simpatda/vendor/yajra/laravel-datatables-oracle/src/Engines/QueryBuilderEngine.php(76): Yajra\Datatables\Engines\BaseEngine->make(true, false)
#12 /home/blackhole/Documents/project/simpatda/simpatda/app/Http/Controllers/Pendaftaran.php(668): Yajra\Datatables\Engines\QueryBuilderEngine->make(true)
#13 [internal function]: App\Http\Controllers\Pendaftaran->cetakNpwpdDt()
#14 /home/blackhole/Documents/project/simpatda/simpatda/vendor/laravel/framework/src/Illuminate/Routing/Controller.php(80): call_user_func_array(Array, Array)
#15 /home/blackhole/Documents/project/simpatda/simpatda/vendor/laravel/framework/src/Illuminate/Routing/ControllerDispatcher.php(146): Illuminate\Routing\Controller->callAction('cetakNpwpdDt', Array)
#16 /home/blackhole/Documents/project/simpatda/simpatda/vendor/laravel/framework/src/Illuminate/Routing/ControllerDispatcher.php(94): Illuminate\Routing\ControllerDispatcher->call(Object(App\Http\Controllers\Pendaftaran), Object(Illuminate\Routing\Route), 'cetakNpwpdDt')
#17 [internal function]: Illuminate\Routing\ControllerDispatcher->Illuminate\Routing\{closure}(Object(Illuminate\Http\Request))
#18 /home/blackhole/Documents/project/simpatda/simpatda/vendor/laravel/framework/src/Illuminate/Routing/Pipeline.php(52): call_user_func(Object(Closure), Object(Illuminate\Http\Request))
#19 /home/blackhole/Documents/project/simpatda/simpatda/app/Http/Middleware/Authenticate.php(28): Illuminate\Routing\Pipeline->Illuminate\Routing\{closure}(Object(Illuminate\Http\Request))
#20 [internal function]: App\Http\Middleware\Authenticate->handle(Object(Illuminate\Http\Request), Object(Closure))
#21 /home/blackhole/Documents/project/simpatda/simpatda/vendor/laravel/framework/src/Illuminate/Pipeline/Pipeline.php(136): call_user_func_array(Array, Array)
#22 [internal function]: Illuminate\Pipeline\Pipeline->Illuminate\Pipeline\{closure}(Object(Illuminate\Http\Request))
#23 /home/blackhole/Documents/project/simpatda/simpatda/vendor/laravel/framework/src/Illuminate/Routing/Pipeline.php(32): call_user_func(Object(Closure), Object(Illuminate\Http\Request))
#24 [internal function]: Illuminate\Routing\Pipeline->Illuminate\Routing\{closure}(Object(Illuminate\Http\Request))
#25 /home/blackhole/Documents/project/simpatda/simpatda/vendor/laravel/framework/src/Illuminate/Pipeline/Pipeline.php(103): call_user_func(Object(Closure), Object(Illuminate\Http\Request))
#26 /home/blackhole/Documents/project/simpatda/simpatda/vendor/laravel/framework/src/Illuminate/Routing/ControllerDispatcher.php(96): Illuminate\Pipeline\Pipeline->then(Object(Closure))
#27 /home/blackhole/Documents/project/simpatda/simpatda/vendor/laravel/framework/src/Illuminate/Routing/ControllerDispatcher.php(54): Illuminate\Routing\ControllerDispatcher->callWithinStack(Object(App\Http\Controllers\Pendaftaran), Object(Illuminate\Routing\Route), Object(Illuminate\Http\Request), 'cetakNpwpdDt')
#28 /home/blackhole/Documents/project/simpatda/simpatda/vendor/laravel/framework/src/Illuminate/Routing/Route.php(174): Illuminate\Routing\ControllerDispatcher->dispatch(Object(Illuminate\Routing\Route), Object(Illuminate\Http\Request), 'App\Http\Contro...', 'cetakNpwpdDt')
#29 /home/blackhole/Documents/project/simpatda/simpatda/vendor/laravel/framework/src/Illuminate/Routing/Route.php(140): Illuminate\Routing\Route->runController(Object(Illuminate\Http\Request))
#30 /home/blackhole/Documents/project/simpatda/simpatda/vendor/laravel/framework/src/Illuminate/Routing/Router.php(724): Illuminate\Routing\Route->run(Object(Illuminate\Http\Request))
#31 [internal function]: Illuminate\Routing\Router->Illuminate\Routing\{closure}(Object(Illuminate\Http\Request))
#32 /home/blackhole/Documents/project/simpatda/simpatda/vendor/laravel/framework/src/Illuminate/Routing/Pipeline.php(52): call_user_func(Object(Closure), Object(Illuminate\Http\Request))
#33 /home/blackhole/Documents/project/simpatda/simpatda/vendor/laravel/framework/src/Illuminate/Foundation/Http/Middleware/VerifyCsrfToken.php(64): Illuminate\Routing\Pipeline->Illuminate\Routing\{closure}(Object(Illuminate\Http\Request))
#34 [internal function]: Illuminate\Foundation\Http\Middleware\VerifyCsrfToken->handle(Object(Illuminate\Http\Request), Object(Closure))
#35 /home/blackhole/Documents/project/simpatda/simpatda/vendor/laravel/framework/src/Illuminate/Pipeline/Pipeline.php(136): call_user_func_array(Array, Array)
#36 [internal function]: Illuminate\Pipeline\Pipeline->Illuminate\Pipeline\{closure}(Object(Illuminate\Http\Request))
#37 /home/blackhole/Documents/project/simpatda/simpatda/vendor/laravel/framework/src/Illuminate/Routing/Pipeline.php(32): call_user_func(Object(Closure), Object(Illuminate\Http\Request))
#38 /home/blackhole/Documents/project/simpatda/simpatda/vendor/laravel/framework/src/Illuminate/View/Middleware/ShareErrorsFromSession.php(49): Illuminate\Routing\Pipeline->Illuminate\Routing\{closure}(Object(Illuminate\Http\Request))
#39 [internal function]: Illuminate\View\Middleware\ShareErrorsFromSession->handle(Object(Illuminate\Http\Request), Object(Closure))
#40 /home/blackhole/Documents/project/simpatda/simpatda/vendor/laravel/framework/src/Illuminate/Pipeline/Pipeline.php(136): call_user_func_array(Array, Array)
#41 [internal function]: Illuminate\Pipeline\Pipeline->Illuminate\Pipeline\{closure}(Object(Illuminate\Http\Request))
#42 /home/blackhole/Documents/project/simpatda/simpatda/vendor/laravel/framework/src/Illuminate/Routing/Pipeline.php(32): call_user_func(Object(Closure), Object(Illuminate\Http\Request))
#43 /home/blackhole/Documents/project/simpatda/simpatda/vendor/laravel/framework/src/Illuminate/Session/Middleware/StartSession.php(64): Illuminate\Routing\Pipeline->Illuminate\Routing\{closure}(Object(Illuminate\Http\Request))
#44 [internal function]: Illuminate\Session\Middleware\StartSession->handle(Object(Illuminate\Http\Request), Object(Closure))
#45 /home/blackhole/Documents/project/simpatda/simpatda/vendor/laravel/framework/src/Illuminate/Pipeline/Pipeline.php(136): call_user_func_array(Array, Array)
#46 [internal function]: Illuminate\Pipeline\Pipeline->Illuminate\Pipeline\{closure}(Object(Illuminate\Http\Request))
#47 /home/blackhole/Documents/project/simpatda/simpatda/vendor/laravel/framework/src/Illuminate/Routing/Pipeline.php(32): call_user_func(Object(Closure), Object(Illuminate\Http\Request))
#48 /home/blackhole/Documents/project/simpatda/simpatda/vendor/laravel/framework/src/Illuminate/Cookie/Middleware/AddQueuedCookiesToResponse.php(37): Illuminate\Routing\Pipeline->Illuminate\Routing\{closure}(Object(Illuminate\Http\Request))
#49 [internal function]: Illuminate\Cookie\Middleware\AddQueuedCookiesToResponse->handle(Object(Illuminate\Http\Request), Object(Closure))
#50 /home/blackhole/Documents/project/simpatda/simpatda/vendor/laravel/framework/src/Illuminate/Pipeline/Pipeline.php(136): call_user_func_array(Array, Array)
#51 [internal function]: Illuminate\Pipeline\Pipeline->Illuminate\Pipeline\{closure}(Object(Illuminate\Http\Request))
#52 /home/blackhole/Documents/project/simpatda/simpatda/vendor/laravel/framework/src/Illuminate/Routing/Pipeline.php(32): call_user_func(Object(Closure), Object(Illuminate\Http\Request))
#53 /home/blackhole/Documents/project/simpatda/simpatda/vendor/laravel/framework/src/Illuminate/Cookie/Middleware/EncryptCookies.php(59): Illuminate\Routing\Pipeline->Illuminate\Routing\{closure}(Object(Illuminate\Http\Request))
#54 [internal function]: Illuminate\Cookie\Middleware\EncryptCookies->handle(Object(Illuminate\Http\Request), Object(Closure))
#55 /home/blackhole/Documents/project/simpatda/simpatda/vendor/laravel/framework/src/Illuminate/Pipeline/Pipeline.php(136): call_user_func_array(Array, Array)
#56 [internal function]: Illuminate\Pipeline\Pipeline->Illuminate\Pipeline\{closure}(Object(Illuminate\Http\Request))
#57 /home/blackhole/Documents/project/simpatda/simpatda/vendor/laravel/framework/src/Illuminate/Routing/Pipeline.php(32): call_user_func(Object(Closure), Object(Illuminate\Http\Request))
#58 [internal function]: Illuminate\Routing\Pipeline->Illuminate\Routing\{closure}(Object(Illuminate\Http\Request))
#59 /home/blackhole/Documents/project/simpatda/simpatda/vendor/laravel/framework/src/Illuminate/Pipeline/Pipeline.php(103): call_user_func(Object(Closure), Object(Illuminate\Http\Request))
#60 /home/blackhole/Documents/project/simpatda/simpatda/vendor/laravel/framework/src/Illuminate/Routing/Router.php(726): Illuminate\Pipeline\Pipeline->then(Object(Closure))
#61 /home/blackhole/Documents/project/simpatda/simpatda/vendor/laravel/framework/src/Illuminate/Routing/Router.php(699): Illuminate\Routing\Router->runRouteWithinStack(Object(Illuminate\Routing\Route), Object(Illuminate\Http\Request))
#62 /home/blackhole/Documents/project/simpatda/simpatda/vendor/laravel/framework/src/Illuminate/Routing/Router.php(675): Illuminate\Routing\Router->dispatchToRoute(Object(Illuminate\Http\Request))
#63 /home/blackhole/Documents/project/simpatda/simpatda/vendor/laravel/framework/src/Illuminate/Foundation/Http/Kernel.php(246): Illuminate\Routing\Router->dispatch(Object(Illuminate\Http\Request))
#64 [internal function]: Illuminate\Foundation\Http\Kernel->Illuminate\Foundation\Http\{closure}(Object(Illuminate\Http\Request))
#65 /home/blackhole/Documents/project/simpatda/simpatda/vendor/laravel/framework/src/Illuminate/Routing/Pipeline.php(52): call_user_func(Object(Closure), Object(Illuminate\Http\Request))
#66 /home/blackhole/Documents/project/simpatda/simpatda/vendor/laravel/framework/src/Illuminate/Foundation/Http/Middleware/CheckForMaintenanceMode.php(44): Illuminate\Routing\Pipeline->Illuminate\Routing\{closure}(Object(Illuminate\Http\Request))
#67 [internal function]: Illuminate\Foundation\Http\Middleware\CheckForMaintenanceMode->handle(Object(Illuminate\Http\Request), Object(Closure))
#68 /home/blackhole/Documents/project/simpatda/simpatda/vendor/laravel/framework/src/Illuminate/Pipeline/Pipeline.php(136): call_user_func_array(Array, Array)
#69 [internal function]: Illuminate\Pipeline\Pipeline->Illuminate\Pipeline\{closure}(Object(Illuminate\Http\Request))
#70 /home/blackhole/Documents/project/simpatda/simpatda/vendor/laravel/framework/src/Illuminate/Routing/Pipeline.php(32): call_user_func(Object(Closure), Object(Illuminate\Http\Request))
#71 [internal function]: Illuminate\Routing\Pipeline->Illuminate\Routing\{closure}(Object(Illuminate\Http\Request))
#72 /home/blackhole/Documents/project/simpatda/simpatda/vendor/laravel/framework/src/Illuminate/Pipeline/Pipeline.php(103): call_user_func(Object(Closure), Object(Illuminate\Http\Request))
#73 /home/blackhole/Documents/project/simpatda/simpatda/vendor/laravel/framework/src/Illuminate/Foundation/Http/Kernel.php(132): Illuminate\Pipeline\Pipeline->then(Object(Closure))
#74 /home/blackhole/Documents/project/simpatda/simpatda/vendor/laravel/framework/src/Illuminate/Foundation/Http/Kernel.php(99): Illuminate\Foundation\Http\Kernel->sendRequestThroughRouter(Object(Illuminate\Http\Request))
#75 /home/blackhole/Documents/project/simpatda/simpatda/public/index.php(54): Illuminate\Foundation\Http\Kernel->handle(Object(Illuminate\Http\Request))
#76 /home/blackhole/Documents/project/simpatda/simpatda/server.php(21): require_once('/home/blackhole...')
#77 {main}

Next exception 'Illuminate\Database\QueryException' with message 'SQLSTATE[42601]: Syntax error: 7 ERROR:  syntax error at or near "as"
LINE 1: ...wp_wr" where "wp_wr_gol" = $1 and (LOWER("no_reg" as TEXT) L...
                                                             ^ (SQL: select count(*) as aggregate from (select * from "v_wp_wr" where "wp_wr_gol" = 2 and (LOWER("no_reg" as TEXT) LIKE '%s%' or LOWER("npwprd" as TEXT) LIKE '%s%' or LOWER("wp_wr_no_kartu" as TEXT) LIKE '%s%' or LOWER("wp_wr_nama" as TEXT) LIKE '%s%' or LOWER("wp_wr_almt" as TEXT) LIKE '%s%' or LOWER("wp_wr_lurah" as TEXT) LIKE '%s%' or LOWER("wp_wr_camat" as TEXT) LIKE '%s%' or LOWER("wp_wr_kabupaten" as TEXT) LIKE '%s%' or LOWER("wp_wr_nama_milik" as TEXT) LIKE '%s%' or LOWER("wp_wr_almt_milik" as TEXT) LIKE '%s%' or LOWER("wp_wr_lurah_milik" as TEXT) LIKE '%s%' or LOWER("wp_wr_camat_milik" as TEXT) LIKE '%s%' or LOWER("wp_wr_kabupaten_milik" as TEXT) LIKE '%s%' or LOWER("wp_wr_tgl_terima_form" as TEXT) LIKE '%s%' or LOWER("wp_wr_tgl_bts_kirim" as TEXT) LIKE '%s%' or LOWER("wp_wr_tgl_form_kembali" as TEXT) LIKE '%s%') order by "wp_wr_id" desc) count_row_table)' in /home/blackhole/Documents/project/simpatda/simpatda/vendor/laravel/framework/src/Illuminate/Database/Connection.php:730
Stack trace:
#0 /home/blackhole/Documents/project/simpatda/simpatda/vendor/laravel/framework/src/Illuminate/Database/Connection.php(685): Illuminate\Database\Connection->runQueryCallback('select count(*)...', Array, Object(Closure))
#1 /home/blackhole/Documents/project/simpatda/simpatda/vendor/laravel/framework/src/Illuminate/Database/Connection.php(349): Illuminate\Database\Connection->run('select count(*)...', Array, Object(Closure))
#2 /home/blackhole/Documents/project/simpatda/simpatda/vendor/laravel/framework/src/Illuminate/Database/Query/Builder.php(1612): Illuminate\Database\Connection->select('select count(*)...', Array, true)
#3 /home/blackhole/Documents/project/simpatda/simpatda/vendor/laravel/framework/src/Illuminate/Database/Query/Builder.php(1596): Illuminate\Database\Query\Builder->runSelect()
#4 /home/blackhole/Documents/project/simpatda/simpatda/vendor/laravel/framework/src/Illuminate/Database/Query/Builder.php(2004): Illuminate\Database\Query\Builder->get(Array)
#5 /home/blackhole/Documents/project/simpatda/simpatda/vendor/laravel/framework/src/Illuminate/Database/Query/Builder.php(1926): Illuminate\Database\Query\Builder->aggregate('count', Array)
#6 /home/blackhole/Documents/project/simpatda/simpatda/vendor/yajra/laravel-datatables-oracle/src/Engines/QueryBuilderEngine.php(110): Illuminate\Database\Query\Builder->count()
#7 /home/blackhole/Documents/project/simpatda/simpatda/vendor/yajra/laravel-datatables-oracle/src/Engines/BaseEngine.php(650): Yajra\Datatables\Engines\QueryBuilderEngine->count()
#8 /home/blackhole/Documents/project/simpatda/simpatda/vendor/yajra/laravel-datatables-oracle/src/Engines/BaseEngine.php(613): Yajra\Datatables\Engines\BaseEngine->filterRecords()
#9 /home/blackhole/Documents/project/simpatda/simpatda/vendor/yajra/laravel-datatables-oracle/src/Engines/QueryBuilderEngine.php(76): Yajra\Datatables\Engines\BaseEngine->make(true, false)
#10 /home/blackhole/Documents/project/simpatda/simpatda/app/Http/Controllers/Pendaftaran.php(668): Yajra\Datatables\Engines\QueryBuilderEngine->make(true)
#11 [internal function]: App\Http\Controllers\Pendaftaran->cetakNpwpdDt()
#12 /home/blackhole/Documents/project/simpatda/simpatda/vendor/laravel/framework/src/Illuminate/Routing/Controller.php(80): call_user_func_array(Array, Array)
#13 /home/blackhole/Documents/project/simpatda/simpatda/vendor/laravel/framework/src/Illuminate/Routing/ControllerDispatcher.php(146): Illuminate\Routing\Controller->callAction('cetakNpwpdDt', Array)
#14 /home/blackhole/Documents/project/simpatda/simpatda/vendor/laravel/framework/src/Illuminate/Routing/ControllerDispatcher.php(94): Illuminate\Routing\ControllerDispatcher->call(Object(App\Http\Controllers\Pendaftaran), Object(Illuminate\Routing\Route), 'cetakNpwpdDt')
#15 [internal function]: Illuminate\Routing\ControllerDispatcher->Illuminate\Routing\{closure}(Object(Illuminate\Http\Request))
#16 /home/blackhole/Documents/project/simpatda/simpatda/vendor/laravel/framework/src/Illuminate/Routing/Pipeline.php(52): call_user_func(Object(Closure), Object(Illuminate\Http\Request))
#17 /home/blackhole/Documents/project/simpatda/simpatda/app/Http/Middleware/Authenticate.php(28): Illuminate\Routing\Pipeline->Illuminate\Routing\{closure}(Object(Illuminate\Http\Request))
#18 [internal function]: App\Http\Middleware\Authenticate->handle(Object(Illuminate\Http\Request), Object(Closure))
#19 /home/blackhole/Documents/project/simpatda/simpatda/vendor/laravel/framework/src/Illuminate/Pipeline/Pipeline.php(136): call_user_func_array(Array, Array)
#20 [internal function]: Illuminate\Pipeline\Pipeline->Illuminate\Pipeline\{closure}(Object(Illuminate\Http\Request))
#21 /home/blackhole/Documents/project/simpatda/simpatda/vendor/laravel/framework/src/Illuminate/Routing/Pipeline.php(32): call_user_func(Object(Closure), Object(Illuminate\Http\Request))
#22 [internal function]: Illuminate\Routing\Pipeline->Illuminate\Routing\{closure}(Object(Illuminate\Http\Request))
#23 /home/blackhole/Documents/project/simpatda/simpatda/vendor/laravel/framework/src/Illuminate/Pipeline/Pipeline.php(103): call_user_func(Object(Closure), Object(Illuminate\Http\Request))
#24 /home/blackhole/Documents/project/simpatda/simpatda/vendor/laravel/framework/src/Illuminate/Routing/ControllerDispatcher.php(96): Illuminate\Pipeline\Pipeline->then(Object(Closure))
#25 /home/blackhole/Documents/project/simpatda/simpatda/vendor/laravel/framework/src/Illuminate/Routing/ControllerDispatcher.php(54): Illuminate\Routing\ControllerDispatcher->callWithinStack(Object(App\Http\Controllers\Pendaftaran), Object(Illuminate\Routing\Route), Object(Illuminate\Http\Request), 'cetakNpwpdDt')
#26 /home/blackhole/Documents/project/simpatda/simpatda/vendor/laravel/framework/src/Illuminate/Routing/Route.php(174): Illuminate\Routing\ControllerDispatcher->dispatch(Object(Illuminate\Routing\Route), Object(Illuminate\Http\Request), 'App\Http\Contro...', 'cetakNpwpdDt')
#27 /home/blackhole/Documents/project/simpatda/simpatda/vendor/laravel/framework/src/Illuminate/Routing/Route.php(140): Illuminate\Routing\Route->runController(Object(Illuminate\Http\Request))
#28 /home/blackhole/Documents/project/simpatda/simpatda/vendor/laravel/framework/src/Illuminate/Routing/Router.php(724): Illuminate\Routing\Route->run(Object(Illuminate\Http\Request))
#29 [internal function]: Illuminate\Routing\Router->Illuminate\Routing\{closure}(Object(Illuminate\Http\Request))
#30 /home/blackhole/Documents/project/simpatda/simpatda/vendor/laravel/framework/src/Illuminate/Routing/Pipeline.php(52): call_user_func(Object(Closure), Object(Illuminate\Http\Request))
#31 /home/blackhole/Documents/project/simpatda/simpatda/vendor/laravel/framework/src/Illuminate/Foundation/Http/Middleware/VerifyCsrfToken.php(64): Illuminate\Routing\Pipeline->Illuminate\Routing\{closure}(Object(Illuminate\Http\Request))
#32 [internal function]: Illuminate\Foundation\Http\Middleware\VerifyCsrfToken->handle(Object(Illuminate\Http\Request), Object(Closure))
#33 /home/blackhole/Documents/project/simpatda/simpatda/vendor/laravel/framework/src/Illuminate/Pipeline/Pipeline.php(136): call_user_func_array(Array, Array)
#34 [internal function]: Illuminate\Pipeline\Pipeline->Illuminate\Pipeline\{closure}(Object(Illuminate\Http\Request))
#35 /home/blackhole/Documents/project/simpatda/simpatda/vendor/laravel/framework/src/Illuminate/Routing/Pipeline.php(32): call_user_func(Object(Closure), Object(Illuminate\Http\Request))
#36 /home/blackhole/Documents/project/simpatda/simpatda/vendor/laravel/framework/src/Illuminate/View/Middleware/ShareErrorsFromSession.php(49): Illuminate\Routing\Pipeline->Illuminate\Routing\{closure}(Object(Illuminate\Http\Request))
#37 [internal function]: Illuminate\View\Middleware\ShareErrorsFromSession->handle(Object(Illuminate\Http\Request), Object(Closure))
#38 /home/blackhole/Documents/project/simpatda/simpatda/vendor/laravel/framework/src/Illuminate/Pipeline/Pipeline.php(136): call_user_func_array(Array, Array)
#39 [internal function]: Illuminate\Pipeline\Pipeline->Illuminate\Pipeline\{closure}(Object(Illuminate\Http\Request))
#40 /home/blackhole/Documents/project/simpatda/simpatda/vendor/laravel/framework/src/Illuminate/Routing/Pipeline.php(32): call_user_func(Object(Closure), Object(Illuminate\Http\Request))
#41 /home/blackhole/Documents/project/simpatda/simpatda/vendor/laravel/framework/src/Illuminate/Session/Middleware/StartSession.php(64): Illuminate\Routing\Pipeline->Illuminate\Routing\{closure}(Object(Illuminate\Http\Request))
#42 [internal function]: Illuminate\Session\Middleware\StartSession->handle(Object(Illuminate\Http\Request), Object(Closure))
#43 /home/blackhole/Documents/project/simpatda/simpatda/vendor/laravel/framework/src/Illuminate/Pipeline/Pipeline.php(136): call_user_func_array(Array, Array)
#44 [internal function]: Illuminate\Pipeline\Pipeline->Illuminate\Pipeline\{closure}(Object(Illuminate\Http\Request))
#45 /home/blackhole/Documents/project/simpatda/simpatda/vendor/laravel/framework/src/Illuminate/Routing/Pipeline.php(32): call_user_func(Object(Closure), Object(Illuminate\Http\Request))
#46 /home/blackhole/Documents/project/simpatda/simpatda/vendor/laravel/framework/src/Illuminate/Cookie/Middleware/AddQueuedCookiesToResponse.php(37): Illuminate\Routing\Pipeline->Illuminate\Routing\{closure}(Object(Illuminate\Http\Request))
#47 [internal function]: Illuminate\Cookie\Middleware\AddQueuedCookiesToResponse->handle(Object(Illuminate\Http\Request), Object(Closure))
#48 /home/blackhole/Documents/project/simpatda/simpatda/vendor/laravel/framework/src/Illuminate/Pipeline/Pipeline.php(136): call_user_func_array(Array, Array)
#49 [internal function]: Illuminate\Pipeline\Pipeline->Illuminate\Pipeline\{closure}(Object(Illuminate\Http\Request))
#50 /home/blackhole/Documents/project/simpatda/simpatda/vendor/laravel/framework/src/Illuminate/Routing/Pipeline.php(32): call_user_func(Object(Closure), Object(Illuminate\Http\Request))
#51 /home/blackhole/Documents/project/simpatda/simpatda/vendor/laravel/framework/src/Illuminate/Cookie/Middleware/EncryptCookies.php(59): Illuminate\Routing\Pipeline->Illuminate\Routing\{closure}(Object(Illuminate\Http\Request))
#52 [internal function]: Illuminate\Cookie\Middleware\EncryptCookies->handle(Object(Illuminate\Http\Request), Object(Closure))
#53 /home/blackhole/Documents/project/simpatda/simpatda/vendor/laravel/framework/src/Illuminate/Pipeline/Pipeline.php(136): call_user_func_array(Array, Array)
#54 [internal function]: Illuminate\Pipeline\Pipeline->Illuminate\Pipeline\{closure}(Object(Illuminate\Http\Request))
#55 /home/blackhole/Documents/project/simpatda/simpatda/vendor/laravel/framework/src/Illuminate/Routing/Pipeline.php(32): call_user_func(Object(Closure), Object(Illuminate\Http\Request))
#56 [internal function]: Illuminate\Routing\Pipeline->Illuminate\Routing\{closure}(Object(Illuminate\Http\Request))
#57 /home/blackhole/Documents/project/simpatda/simpatda/vendor/laravel/framework/src/Illuminate/Pipeline/Pipeline.php(103): call_user_func(Object(Closure), Object(Illuminate\Http\Request))
#58 /home/blackhole/Documents/project/simpatda/simpatda/vendor/laravel/framework/src/Illuminate/Routing/Router.php(726): Illuminate\Pipeline\Pipeline->then(Object(Closure))
#59 /home/blackhole/Documents/project/simpatda/simpatda/vendor/laravel/framework/src/Illuminate/Routing/Router.php(699): Illuminate\Routing\Router->runRouteWithinStack(Object(Illuminate\Routing\Route), Object(Illuminate\Http\Request))
#60 /home/blackhole/Documents/project/simpatda/simpatda/vendor/laravel/framework/src/Illuminate/Routing/Router.php(675): Illuminate\Routing\Router->dispatchToRoute(Object(Illuminate\Http\Request))
#61 /home/blackhole/Documents/project/simpatda/simpatda/vendor/laravel/framework/src/Illuminate/Foundation/Http/Kernel.php(246): Illuminate\Routing\Router->dispatch(Object(Illuminate\Http\Request))
#62 [internal function]: Illuminate\Foundation\Http\Kernel->Illuminate\Foundation\Http\{closure}(Object(Illuminate\Http\Request))
#63 /home/blackhole/Documents/project/simpatda/simpatda/vendor/laravel/framework/src/Illuminate/Routing/Pipeline.php(52): call_user_func(Object(Closure), Object(Illuminate\Http\Request))
#64 /home/blackhole/Documents/project/simpatda/simpatda/vendor/laravel/framework/src/Illuminate/Foundation/Http/Middleware/CheckForMaintenanceMode.php(44): Illuminate\Routing\Pipeline->Illuminate\Routing\{closure}(Object(Illuminate\Http\Request))
#65 [internal function]: Illuminate\Foundation\Http\Middleware\CheckForMaintenanceMode->handle(Object(Illuminate\Http\Request), Object(Closure))
#66 /home/blackhole/Documents/project/simpatda/simpatda/vendor/laravel/framework/src/Illuminate/Pipeline/Pipeline.php(136): call_user_func_array(Array, Array)
#67 [internal function]: Illuminate\Pipeline\Pipeline->Illuminate\Pipeline\{closure}(Object(Illuminate\Http\Request))
#68 /home/blackhole/Documents/project/simpatda/simpatda/vendor/laravel/framework/src/Illuminate/Routing/Pipeline.php(32): call_user_func(Object(Closure), Object(Illuminate\Http\Request))
#69 [internal function]: Illuminate\Routing\Pipeline->Illuminate\Routing\{closure}(Object(Illuminate\Http\Request))
#70 /home/blackhole/Documents/project/simpatda/simpatda/vendor/laravel/framework/src/Illuminate/Pipeline/Pipeline.php(103): call_user_func(Object(Closure), Object(Illuminate\Http\Request))
#71 /home/blackhole/Documents/project/simpatda/simpatda/vendor/laravel/framework/src/Illuminate/Foundation/Http/Kernel.php(132): Illuminate\Pipeline\Pipeline->then(Object(Closure))
#72 /home/blackhole/Documents/project/simpatda/simpatda/vendor/laravel/framework/src/Illuminate/Foundation/Http/Kernel.php(99): Illuminate\Foundation\Http\Kernel->sendRequestThroughRouter(Object(Illuminate\Http\Request))
#73 /home/blackhole/Documents/project/simpatda/simpatda/public/index.php(54): Illuminate\Foundation\Http\Kernel->handle(Object(Illuminate\Http\Request))
#74 /home/blackhole/Documents/project/simpatda/simpatda/server.php(21): require_once('/home/blackhole...')
#75 {main}  
