[2016-12-07 14:16:50] local.ERROR: exception 'ErrorException' with message 'Object of class Illuminate\Database\Query\Builder could not be converted to int' in /home/blackhole/Documents/project/simpatda/simpatda/app/Http/Controllers/Pendaftaran.php:125
Stack trace:
#0 /home/blackhole/Documents/project/simpatda/simpatda/app/Http/Controllers/Pendaftaran.php(125): Illuminate\Foundation\Bootstrap\HandleExceptions->handleError(8, 'Object of class...', '/home/blackhole...', 125, Array)
#1 /home/blackhole/Documents/project/simpatda/simpatda/app/Http/Controllers/Pendaftaran.php(31): App\Http\Controllers\Pendaftaran->getNomorUrut()
#2 [internal function]: App\Http\Controllers\Pendaftaran->wpwrpribadi()
#3 /home/blackhole/Documents/project/simpatda/simpatda/vendor/laravel/framework/src/Illuminate/Routing/Controller.php(80): call_user_func_array(Array, Array)
#4 /home/blackhole/Documents/project/simpatda/simpatda/vendor/laravel/framework/src/Illuminate/Routing/ControllerDispatcher.php(146): Illuminate\Routing\Controller->callAction('wpwrpribadi', Array)
#5 /home/blackhole/Documents/project/simpatda/simpatda/vendor/laravel/framework/src/Illuminate/Routing/ControllerDispatcher.php(94): Illuminate\Routing\ControllerDispatcher->call(Object(App\Http\Controllers\Pendaftaran), Object(Illuminate\Routing\Route), 'wpwrpribadi')
#6 [internal function]: Illuminate\Routing\ControllerDispatcher->Illuminate\Routing\{closure}(Object(Illuminate\Http\Request))
#7 /home/blackhole/Documents/project/simpatda/simpatda/vendor/laravel/framework/src/Illuminate/Routing/Pipeline.php(52): call_user_func(Object(Closure), Object(Illuminate\Http\Request))
#8 /home/blackhole/Documents/project/simpatda/simpatda/app/Http/Middleware/Authenticate.php(28): Illuminate\Routing\Pipeline->Illuminate\Routing\{closure}(Object(Illuminate\Http\Request))
#9 [internal function]: App\Http\Middleware\Authenticate->handle(Object(Illuminate\Http\Request), Object(Closure))
#10 /home/blackhole/Documents/project/simpatda/simpatda/vendor/laravel/framework/src/Illuminate/Pipeline/Pipeline.php(136): call_user_func_array(Array, Array)
#11 [internal function]: Illuminate\Pipeline\Pipeline->Illuminate\Pipeline\{closure}(Object(Illuminate\Http\Request))
#12 /home/blackhole/Documents/project/simpatda/simpatda/vendor/laravel/framework/src/Illuminate/Routing/Pipeline.php(32): call_user_func(Object(Closure), Object(Illuminate\Http\Request))
#13 [internal function]: Illuminate\Routing\Pipeline->Illuminate\Routing\{closure}(Object(Illuminate\Http\Request))
#14 /home/blackhole/Documents/project/simpatda/simpatda/vendor/laravel/framework/src/Illuminate/Pipeline/Pipeline.php(103): call_user_func(Object(Closure), Object(Illuminate\Http\Request))
#15 /home/blackhole/Documents/project/simpatda/simpatda/vendor/laravel/framework/src/Illuminate/Routing/ControllerDispatcher.php(96): Illuminate\Pipeline\Pipeline->then(Object(Closure))
#16 /home/blackhole/Documents/project/simpatda/simpatda/vendor/laravel/framework/src/Illuminate/Routing/ControllerDispatcher.php(54): Illuminate\Routing\ControllerDispatcher->callWithinStack(Object(App\Http\Controllers\Pendaftaran), Object(Illuminate\Routing\Route), Object(Illuminate\Http\Request), 'wpwrpribadi')
#17 /home/blackhole/Documents/project/simpatda/simpatda/vendor/laravel/framework/src/Illuminate/Routing/Route.php(174): Illuminate\Routing\ControllerDispatcher->dispatch(Object(Illuminate\Routing\Route), Object(Illuminate\Http\Request), 'App\Http\Contro...', 'wpwrpribadi')
#18 /home/blackhole/Documents/project/simpatda/simpatda/vendor/laravel/framework/src/Illuminate/Routing/Route.php(140): Illuminate\Routing\Route->runController(Object(Illuminate\Http\Request))
#19 /home/blackhole/Documents/project/simpatda/simpatda/vendor/laravel/framework/src/Illuminate/Routing/Router.php(724): Illuminate\Routing\Route->run(Object(Illuminate\Http\Request))
#20 [internal function]: Illuminate\Routing\Router->Illuminate\Routing\{closure}(Object(Illuminate\Http\Request))
#21 /home/blackhole/Documents/project/simpatda/simpatda/vendor/laravel/framework/src/Illuminate/Routing/Pipeline.php(52): call_user_func(Object(Closure), Object(Illuminate\Http\Request))
#22 /home/blackhole/Documents/project/simpatda/simpatda/vendor/laravel/framework/src/Illuminate/Foundation/Http/Middleware/VerifyCsrfToken.php(64): Illuminate\Routing\Pipeline->Illuminate\Routing\{closure}(Object(Illuminate\Http\Request))
#23 [internal function]: Illuminate\Foundation\Http\Middleware\VerifyCsrfToken->handle(Object(Illuminate\Http\Request), Object(Closure))
#24 /home/blackhole/Documents/project/simpatda/simpatda/vendor/laravel/framework/src/Illuminate/Pipeline/Pipeline.php(136): call_user_func_array(Array, Array)
#25 [internal function]: Illuminate\Pipeline\Pipeline->Illuminate\Pipeline\{closure}(Object(Illuminate\Http\Request))
#26 /home/blackhole/Documents/project/simpatda/simpatda/vendor/laravel/framework/src/Illuminate/Routing/Pipeline.php(32): call_user_func(Object(Closure), Object(Illuminate\Http\Request))
#27 /home/blackhole/Documents/project/simpatda/simpatda/vendor/laravel/framework/src/Illuminate/View/Middleware/ShareErrorsFromSession.php(49): Illuminate\Routing\Pipeline->Illuminate\Routing\{closure}(Object(Illuminate\Http\Request))
#28 [internal function]: Illuminate\View\Middleware\ShareErrorsFromSession->handle(Object(Illuminate\Http\Request), Object(Closure))
#29 /home/blackhole/Documents/project/simpatda/simpatda/vendor/laravel/framework/src/Illuminate/Pipeline/Pipeline.php(136): call_user_func_array(Array, Array)
#30 [internal function]: Illuminate\Pipeline\Pipeline->Illuminate\Pipeline\{closure}(Object(Illuminate\Http\Request))
#31 /home/blackhole/Documents/project/simpatda/simpatda/vendor/laravel/framework/src/Illuminate/Routing/Pipeline.php(32): call_user_func(Object(Closure), Object(Illuminate\Http\Request))
#32 /home/blackhole/Documents/project/simpatda/simpatda/vendor/laravel/framework/src/Illuminate/Session/Middleware/StartSession.php(64): Illuminate\Routing\Pipeline->Illuminate\Routing\{closure}(Object(Illuminate\Http\Request))
#33 [internal function]: Illuminate\Session\Middleware\StartSession->handle(Object(Illuminate\Http\Request), Object(Closure))
#34 /home/blackhole/Documents/project/simpatda/simpatda/vendor/laravel/framework/src/Illuminate/Pipeline/Pipeline.php(136): call_user_func_array(Array, Array)
#35 [internal function]: Illuminate\Pipeline\Pipeline->Illuminate\Pipeline\{closure}(Object(Illuminate\Http\Request))
#36 /home/blackhole/Documents/project/simpatda/simpatda/vendor/laravel/framework/src/Illuminate/Routing/Pipeline.php(32): call_user_func(Object(Closure), Object(Illuminate\Http\Request))
#37 /home/blackhole/Documents/project/simpatda/simpatda/vendor/laravel/framework/src/Illuminate/Cookie/Middleware/AddQueuedCookiesToResponse.php(37): Illuminate\Routing\Pipeline->Illuminate\Routing\{closure}(Object(Illuminate\Http\Request))
#38 [internal function]: Illuminate\Cookie\Middleware\AddQueuedCookiesToResponse->handle(Object(Illuminate\Http\Request), Object(Closure))
#39 /home/blackhole/Documents/project/simpatda/simpatda/vendor/laravel/framework/src/Illuminate/Pipeline/Pipeline.php(136): call_user_func_array(Array, Array)
#40 [internal function]: Illuminate\Pipeline\Pipeline->Illuminate\Pipeline\{closure}(Object(Illuminate\Http\Request))
#41 /home/blackhole/Documents/project/simpatda/simpatda/vendor/laravel/framework/src/Illuminate/Routing/Pipeline.php(32): call_user_func(Object(Closure), Object(Illuminate\Http\Request))
#42 /home/blackhole/Documents/project/simpatda/simpatda/vendor/laravel/framework/src/Illuminate/Cookie/Middleware/EncryptCookies.php(59): Illuminate\Routing\Pipeline->Illuminate\Routing\{closure}(Object(Illuminate\Http\Request))
#43 [internal function]: Illuminate\Cookie\Middleware\EncryptCookies->handle(Object(Illuminate\Http\Request), Object(Closure))
#44 /home/blackhole/Documents/project/simpatda/simpatda/vendor/laravel/framework/src/Illuminate/Pipeline/Pipeline.php(136): call_user_func_array(Array, Array)
#45 [internal function]: Illuminate\Pipeline\Pipeline->Illuminate\Pipeline\{closure}(Object(Illuminate\Http\Request))
#46 /home/blackhole/Documents/project/simpatda/simpatda/vendor/laravel/framework/src/Illuminate/Routing/Pipeline.php(32): call_user_func(Object(Closure), Object(Illuminate\Http\Request))
#47 [internal function]: Illuminate\Routing\Pipeline->Illuminate\Routing\{closure}(Object(Illuminate\Http\Request))
#48 /home/blackhole/Documents/project/simpatda/simpatda/vendor/laravel/framework/src/Illuminate/Pipeline/Pipeline.php(103): call_user_func(Object(Closure), Object(Illuminate\Http\Request))
#49 /home/blackhole/Documents/project/simpatda/simpatda/vendor/laravel/framework/src/Illuminate/Routing/Router.php(726): Illuminate\Pipeline\Pipeline->then(Object(Closure))
#50 /home/blackhole/Documents/project/simpatda/simpatda/vendor/laravel/framework/src/Illuminate/Routing/Router.php(699): Illuminate\Routing\Router->runRouteWithinStack(Object(Illuminate\Routing\Route), Object(Illuminate\Http\Request))
#51 /home/blackhole/Documents/project/simpatda/simpatda/vendor/laravel/framework/src/Illuminate/Routing/Router.php(675): Illuminate\Routing\Router->dispatchToRoute(Object(Illuminate\Http\Request))
#52 /home/blackhole/Documents/project/simpatda/simpatda/vendor/laravel/framework/src/Illuminate/Foundation/Http/Kernel.php(246): Illuminate\Routing\Router->dispatch(Object(Illuminate\Http\Request))
#53 [internal function]: Illuminate\Foundation\Http\Kernel->Illuminate\Foundation\Http\{closure}(Object(Illuminate\Http\Request))
#54 /home/blackhole/Documents/project/simpatda/simpatda/vendor/laravel/framework/src/Illuminate/Routing/Pipeline.php(52): call_user_func(Object(Closure), Object(Illuminate\Http\Request))
#55 /home/blackhole/Documents/project/simpatda/simpatda/vendor/laravel/framework/src/Illuminate/Foundation/Http/Middleware/CheckForMaintenanceMode.php(44): Illuminate\Routing\Pipeline->Illuminate\Routing\{closure}(Object(Illuminate\Http\Request))
#56 [internal function]: Illuminate\Foundation\Http\Middleware\CheckForMaintenanceMode->handle(Object(Illuminate\Http\Request), Object(Closure))
#57 /home/blackhole/Documents/project/simpatda/simpatda/vendor/laravel/framework/src/Illuminate/Pipeline/Pipeline.php(136): call_user_func_array(Array, Array)
#58 [internal function]: Illuminate\Pipeline\Pipeline->Illuminate\Pipeline\{closure}(Object(Illuminate\Http\Request))
#59 /home/blackhole/Documents/project/simpatda/simpatda/vendor/laravel/framework/src/Illuminate/Routing/Pipeline.php(32): call_user_func(Object(Closure), Object(Illuminate\Http\Request))
#60 [internal function]: Illuminate\Routing\Pipeline->Illuminate\Routing\{closure}(Object(Illuminate\Http\Request))
#61 /home/blackhole/Documents/project/simpatda/simpatda/vendor/laravel/framework/src/Illuminate/Pipeline/Pipeline.php(103): call_user_func(Object(Closure), Object(Illuminate\Http\Request))
#62 /home/blackhole/Documents/project/simpatda/simpatda/vendor/laravel/framework/src/Illuminate/Foundation/Http/Kernel.php(132): Illuminate\Pipeline\Pipeline->then(Object(Closure))
#63 /home/blackhole/Documents/project/simpatda/simpatda/vendor/laravel/framework/src/Illuminate/Foundation/Http/Kernel.php(99): Illuminate\Foundation\Http\Kernel->sendRequestThroughRouter(Object(Illuminate\Http\Request))
#64 /home/blackhole/Documents/project/simpatda/simpatda/public/index.php(54): Illuminate\Foundation\Http\Kernel->handle(Object(Illuminate\Http\Request))
#65 /home/blackhole/Documents/project/simpatda/simpatda/server.php(21): require_once('/home/blackhole...')
#66 {main}  
[2016-12-07 14:16:50] local.ERROR: exception 'ErrorException' with message 'Object of class Illuminate\Database\Query\Builder could not be converted to int' in /home/blackhole/Documents/project/simpatda/simpatda/app/Http/Controllers/Pendaftaran.php:125
Stack trace:
#0 /home/blackhole/Documents/project/simpatda/simpatda/app/Http/Controllers/Pendaftaran.php(125): Illuminate\Foundation\Bootstrap\HandleExceptions->handleError(8, 'Object of class...', '/home/blackhole...', 125, Array)
#1 /home/blackhole/Documents/project/simpatda/simpatda/app/Http/Controllers/Pendaftaran.php(31): App\Http\Controllers\Pendaftaran->getNomorUrut()
#2 [internal function]: App\Http\Controllers\Pendaftaran->wpwrpribadi()
#3 /home/blackhole/Documents/project/simpatda/simpatda/vendor/laravel/framework/src/Illuminate/Routing/Controller.php(80): call_user_func_array(Array, Array)
#4 /home/blackhole/Documents/project/simpatda/simpatda/vendor/laravel/framework/src/Illuminate/Routing/ControllerDispatcher.php(146): Illuminate\Routing\Controller->callAction('wpwrpribadi', Array)
#5 /home/blackhole/Documents/project/simpatda/simpatda/vendor/laravel/framework/src/Illuminate/Routing/ControllerDispatcher.php(94): Illuminate\Routing\ControllerDispatcher->call(Object(App\Http\Controllers\Pendaftaran), Object(Illuminate\Routing\Route), 'wpwrpribadi')
#6 [internal function]: Illuminate\Routing\ControllerDispatcher->Illuminate\Routing\{closure}(Object(Illuminate\Http\Request))
#7 /home/blackhole/Documents/project/simpatda/simpatda/vendor/laravel/framework/src/Illuminate/Routing/Pipeline.php(52): call_user_func(Object(Closure), Object(Illuminate\Http\Request))
#8 /home/blackhole/Documents/project/simpatda/simpatda/app/Http/Middleware/Authenticate.php(28): Illuminate\Routing\Pipeline->Illuminate\Routing\{closure}(Object(Illuminate\Http\Request))
#9 [internal function]: App\Http\Middleware\Authenticate->handle(Object(Illuminate\Http\Request), Object(Closure))
#10 /home/blackhole/Documents/project/simpatda/simpatda/vendor/laravel/framework/src/Illuminate/Pipeline/Pipeline.php(136): call_user_func_array(Array, Array)
#11 [internal function]: Illuminate\Pipeline\Pipeline->Illuminate\Pipeline\{closure}(Object(Illuminate\Http\Request))
#12 /home/blackhole/Documents/project/simpatda/simpatda/vendor/laravel/framework/src/Illuminate/Routing/Pipeline.php(32): call_user_func(Object(Closure), Object(Illuminate\Http\Request))
#13 [internal function]: Illuminate\Routing\Pipeline->Illuminate\Routing\{closure}(Object(Illuminate\Http\Request))
#14 /home/blackhole/Documents/project/simpatda/simpatda/vendor/laravel/framework/src/Illuminate/Pipeline/Pipeline.php(103): call_user_func(Object(Closure), Object(Illuminate\Http\Request))
#15 /home/blackhole/Documents/project/simpatda/simpatda/vendor/laravel/framework/src/Illuminate/Routing/ControllerDispatcher.php(96): Illuminate\Pipeline\Pipeline->then(Object(Closure))
#16 /home/blackhole/Documents/project/simpatda/simpatda/vendor/laravel/framework/src/Illuminate/Routing/ControllerDispatcher.php(54): Illuminate\Routing\ControllerDispatcher->callWithinStack(Object(App\Http\Controllers\Pendaftaran), Object(Illuminate\Routing\Route), Object(Illuminate\Http\Request), 'wpwrpribadi')
#17 /home/blackhole/Documents/project/simpatda/simpatda/vendor/laravel/framework/src/Illuminate/Routing/Route.php(174): Illuminate\Routing\ControllerDispatcher->dispatch(Object(Illuminate\Routing\Route), Object(Illuminate\Http\Request), 'App\Http\Contro...', 'wpwrpribadi')
#18 /home/blackhole/Documents/project/simpatda/simpatda/vendor/laravel/framework/src/Illuminate/Routing/Route.php(140): Illuminate\Routing\Route->runController(Object(Illuminate\Http\Request))
#19 /home/blackhole/Documents/project/simpatda/simpatda/vendor/laravel/framework/src/Illuminate/Routing/Router.php(724): Illuminate\Routing\Route->run(Object(Illuminate\Http\Request))
#20 [internal function]: Illuminate\Routing\Router->Illuminate\Routing\{closure}(Object(Illuminate\Http\Request))
#21 /home/blackhole/Documents/project/simpatda/simpatda/vendor/laravel/framework/src/Illuminate/Routing/Pipeline.php(52): call_user_func(Object(Closure), Object(Illuminate\Http\Request))
#22 /home/blackhole/Documents/project/simpatda/simpatda/vendor/laravel/framework/src/Illuminate/Foundation/Http/Middleware/VerifyCsrfToken.php(64): Illuminate\Routing\Pipeline->Illuminate\Routing\{closure}(Object(Illuminate\Http\Request))
#23 [internal function]: Illuminate\Foundation\Http\Middleware\VerifyCsrfToken->handle(Object(Illuminate\Http\Request), Object(Closure))
#24 /home/blackhole/Documents/project/simpatda/simpatda/vendor/laravel/framework/src/Illuminate/Pipeline/Pipeline.php(136): call_user_func_array(Array, Array)
#25 [internal function]: Illuminate\Pipeline\Pipeline->Illuminate\Pipeline\{closure}(Object(Illuminate\Http\Request))
#26 /home/blackhole/Documents/project/simpatda/simpatda/vendor/laravel/framework/src/Illuminate/Routing/Pipeline.php(32): call_user_func(Object(Closure), Object(Illuminate\Http\Request))
#27 /home/blackhole/Documents/project/simpatda/simpatda/vendor/laravel/framework/src/Illuminate/View/Middleware/ShareErrorsFromSession.php(49): Illuminate\Routing\Pipeline->Illuminate\Routing\{closure}(Object(Illuminate\Http\Request))
#28 [internal function]: Illuminate\View\Middleware\ShareErrorsFromSession->handle(Object(Illuminate\Http\Request), Object(Closure))
#29 /home/blackhole/Documents/project/simpatda/simpatda/vendor/laravel/framework/src/Illuminate/Pipeline/Pipeline.php(136): call_user_func_array(Array, Array)
#30 [internal function]: Illuminate\Pipeline\Pipeline->Illuminate\Pipeline\{closure}(Object(Illuminate\Http\Request))
#31 /home/blackhole/Documents/project/simpatda/simpatda/vendor/laravel/framework/src/Illuminate/Routing/Pipeline.php(32): call_user_func(Object(Closure), Object(Illuminate\Http\Request))
#32 /home/blackhole/Documents/project/simpatda/simpatda/vendor/laravel/framework/src/Illuminate/Session/Middleware/StartSession.php(64): Illuminate\Routing\Pipeline->Illuminate\Routing\{closure}(Object(Illuminate\Http\Request))
#33 [internal function]: Illuminate\Session\Middleware\StartSession->handle(Object(Illuminate\Http\Request), Object(Closure))
#34 /home/blackhole/Documents/project/simpatda/simpatda/vendor/laravel/framework/src/Illuminate/Pipeline/Pipeline.php(136): call_user_func_array(Array, Array)
#35 [internal function]: Illuminate\Pipeline\Pipeline->Illuminate\Pipeline\{closure}(Object(Illuminate\Http\Request))
#36 /home/blackhole/Documents/project/simpatda/simpatda/vendor/laravel/framework/src/Illuminate/Routing/Pipeline.php(32): call_user_func(Object(Closure), Object(Illuminate\Http\Request))
#37 /home/blackhole/Documents/project/simpatda/simpatda/vendor/laravel/framework/src/Illuminate/Cookie/Middleware/AddQueuedCookiesToResponse.php(37): Illuminate\Routing\Pipeline->Illuminate\Routing\{closure}(Object(Illuminate\Http\Request))
#38 [internal function]: Illuminate\Cookie\Middleware\AddQueuedCookiesToResponse->handle(Object(Illuminate\Http\Request), Object(Closure))
#39 /home/blackhole/Documents/project/simpatda/simpatda/vendor/laravel/framework/src/Illuminate/Pipeline/Pipeline.php(136): call_user_func_array(Array, Array)
#40 [internal function]: Illuminate\Pipeline\Pipeline->Illuminate\Pipeline\{closure}(Object(Illuminate\Http\Request))
#41 /home/blackhole/Documents/project/simpatda/simpatda/vendor/laravel/framework/src/Illuminate/Routing/Pipeline.php(32): call_user_func(Object(Closure), Object(Illuminate\Http\Request))
#42 /home/blackhole/Documents/project/simpatda/simpatda/vendor/laravel/framework/src/Illuminate/Cookie/Middleware/EncryptCookies.php(59): Illuminate\Routing\Pipeline->Illuminate\Routing\{closure}(Object(Illuminate\Http\Request))
#43 [internal function]: Illuminate\Cookie\Middleware\EncryptCookies->handle(Object(Illuminate\Http\Request), Object(Closure))
#44 /home/blackhole/Documents/project/simpatda/simpatda/vendor/laravel/framework/src/Illuminate/Pipeline/Pipeline.php(136): call_user_func_array(Array, Array)
#45 [internal function]: Illuminate\Pipeline\Pipeline->Illuminate\Pipeline\{closure}(Object(Illuminate\Http\Request))
#46 /home/blackhole/Documents/project/simpatda/simpatda/vendor/laravel/framework/src/Illuminate/Routing/Pipeline.php(32): call_user_func(Object(Closure), Object(Illuminate\Http\Request))
#47 [internal function]: Illuminate\Routing\Pipeline->Illuminate\Routing\{closure}(Object(Illuminate\Http\Request))
#48 /home/blackhole/Documents/project/simpatda/simpatda/vendor/laravel/framework/src/Illuminate/Pipeline/Pipeline.php(103): call_user_func(Object(Closure), Object(Illuminate\Http\Request))
#49 /home/blackhole/Documents/project/simpatda/simpatda/vendor/laravel/framework/src/Illuminate/Routing/Router.php(726): Illuminate\Pipeline\Pipeline->then(Object(Closure))
#50 /home/blackhole/Documents/project/simpatda/simpatda/vendor/laravel/framework/src/Illuminate/Routing/Router.php(699): Illuminate\Routing\Router->runRouteWithinStack(Object(Illuminate\Routing\Route), Object(Illuminate\Http\Request))
#51 /home/blackhole/Documents/project/simpatda/simpatda/vendor/laravel/framework/src/Illuminate/Routing/Router.php(675): Illuminate\Routing\Router->dispatchToRoute(Object(Illuminate\Http\Request))
#52 /home/blackhole/Documents/project/simpatda/simpatda/vendor/laravel/framework/src/Illuminate/Foundation/Http/Kernel.php(246): Illuminate\Routing\Router->dispatch(Object(Illuminate\Http\Request))
#53 [internal function]: Illuminate\Foundation\Http\Kernel->Illuminate\Foundation\Http\{closure}(Object(Illuminate\Http\Request))
#54 /home/blackhole/Documents/project/simpatda/simpatda/vendor/laravel/framework/src/Illuminate/Routing/Pipeline.php(52): call_user_func(Object(Closure), Object(Illuminate\Http\Request))
#55 /home/blackhole/Documents/project/simpatda/simpatda/vendor/laravel/framework/src/Illuminate/Foundation/Http/Middleware/CheckForMaintenanceMode.php(44): Illuminate\Routing\Pipeline->Illuminate\Routing\{closure}(Object(Illuminate\Http\Request))
#56 [internal function]: Illuminate\Foundation\Http\Middleware\CheckForMaintenanceMode->handle(Object(Illuminate\Http\Request), Object(Closure))
#57 /home/blackhole/Documents/project/simpatda/simpatda/vendor/laravel/framework/src/Illuminate/Pipeline/Pipeline.php(136): call_user_func_array(Array, Array)
#58 [internal function]: Illuminate\Pipeline\Pipeline->Illuminate\Pipeline\{closure}(Object(Illuminate\Http\Request))
#59 /home/blackhole/Documents/project/simpatda/simpatda/vendor/laravel/framework/src/Illuminate/Routing/Pipeline.php(32): call_user_func(Object(Closure), Object(Illuminate\Http\Request))
#60 [internal function]: Illuminate\Routing\Pipeline->Illuminate\Routing\{closure}(Object(Illuminate\Http\Request))
#61 /home/blackhole/Documents/project/simpatda/simpatda/vendor/laravel/framework/src/Illuminate/Pipeline/Pipeline.php(103): call_user_func(Object(Closure), Object(Illuminate\Http\Request))
#62 /home/blackhole/Documents/project/simpatda/simpatda/vendor/laravel/framework/src/Illuminate/Foundation/Http/Kernel.php(132): Illuminate\Pipeline\Pipeline->then(Object(Closure))
#63 /home/blackhole/Documents/project/simpatda/simpatda/vendor/laravel/framework/src/Illuminate/Foundation/Http/Kernel.php(99): Illuminate\Foundation\Http\Kernel->sendRequestThroughRouter(Object(Illuminate\Http\Request))
#64 /home/blackhole/Documents/project/simpatda/simpatda/public/index.php(54): Illuminate\Foundation\Http\Kernel->handle(Object(Illuminate\Http\Request))
#65 /home/blackhole/Documents/project/simpatda/simpatda/server.php(21): require_once('/home/blackhole...')
#66 {main}  
[2016-12-07 14:17:06] local.ERROR: exception 'ErrorException' with message 'Object of class Illuminate\Database\Query\Builder could not be converted to int' in /home/blackhole/Documents/project/simpatda/simpatda/app/Http/Controllers/Pendaftaran.php:125
Stack trace:
#0 /home/blackhole/Documents/project/simpatda/simpatda/app/Http/Controllers/Pendaftaran.php(125): Illuminate\Foundation\Bootstrap\HandleExceptions->handleError(8, 'Object of class...', '/home/blackhole...', 125, Array)
#1 /home/blackhole/Documents/project/simpatda/simpatda/app/Http/Controllers/Pendaftaran.php(31): App\Http\Controllers\Pendaftaran->getNomorUrut()
#2 [internal function]: App\Http\Controllers\Pendaftaran->wpwrpribadi()
#3 /home/blackhole/Documents/project/simpatda/simpatda/vendor/laravel/framework/src/Illuminate/Routing/Controller.php(80): call_user_func_array(Array, Array)
#4 /home/blackhole/Documents/project/simpatda/simpatda/vendor/laravel/framework/src/Illuminate/Routing/ControllerDispatcher.php(146): Illuminate\Routing\Controller->callAction('wpwrpribadi', Array)
#5 /home/blackhole/Documents/project/simpatda/simpatda/vendor/laravel/framework/src/Illuminate/Routing/ControllerDispatcher.php(94): Illuminate\Routing\ControllerDispatcher->call(Object(App\Http\Controllers\Pendaftaran), Object(Illuminate\Routing\Route), 'wpwrpribadi')
#6 [internal function]: Illuminate\Routing\ControllerDispatcher->Illuminate\Routing\{closure}(Object(Illuminate\Http\Request))
#7 /home/blackhole/Documents/project/simpatda/simpatda/vendor/laravel/framework/src/Illuminate/Routing/Pipeline.php(52): call_user_func(Object(Closure), Object(Illuminate\Http\Request))
#8 /home/blackhole/Documents/project/simpatda/simpatda/app/Http/Middleware/Authenticate.php(28): Illuminate\Routing\Pipeline->Illuminate\Routing\{closure}(Object(Illuminate\Http\Request))
#9 [internal function]: App\Http\Middleware\Authenticate->handle(Object(Illuminate\Http\Request), Object(Closure))
#10 /home/blackhole/Documents/project/simpatda/simpatda/vendor/laravel/framework/src/Illuminate/Pipeline/Pipeline.php(136): call_user_func_array(Array, Array)
#11 [internal function]: Illuminate\Pipeline\Pipeline->Illuminate\Pipeline\{closure}(Object(Illuminate\Http\Request))
#12 /home/blackhole/Documents/project/simpatda/simpatda/vendor/laravel/framework/src/Illuminate/Routing/Pipeline.php(32): call_user_func(Object(Closure), Object(Illuminate\Http\Request))
#13 [internal function]: Illuminate\Routing\Pipeline->Illuminate\Routing\{closure}(Object(Illuminate\Http\Request))
#14 /home/blackhole/Documents/project/simpatda/simpatda/vendor/laravel/framework/src/Illuminate/Pipeline/Pipeline.php(103): call_user_func(Object(Closure), Object(Illuminate\Http\Request))
#15 /home/blackhole/Documents/project/simpatda/simpatda/vendor/laravel/framework/src/Illuminate/Routing/ControllerDispatcher.php(96): Illuminate\Pipeline\Pipeline->then(Object(Closure))
#16 /home/blackhole/Documents/project/simpatda/simpatda/vendor/laravel/framework/src/Illuminate/Routing/ControllerDispatcher.php(54): Illuminate\Routing\ControllerDispatcher->callWithinStack(Object(App\Http\Controllers\Pendaftaran), Object(Illuminate\Routing\Route), Object(Illuminate\Http\Request), 'wpwrpribadi')
#17 /home/blackhole/Documents/project/simpatda/simpatda/vendor/laravel/framework/src/Illuminate/Routing/Route.php(174): Illuminate\Routing\ControllerDispatcher->dispatch(Object(Illuminate\Routing\Route), Object(Illuminate\Http\Request), 'App\Http\Contro...', 'wpwrpribadi')
#18 /home/blackhole/Documents/project/simpatda/simpatda/vendor/laravel/framework/src/Illuminate/Routing/Route.php(140): Illuminate\Routing\Route->runController(Object(Illuminate\Http\Request))
#19 /home/blackhole/Documents/project/simpatda/simpatda/vendor/laravel/framework/src/Illuminate/Routing/Router.php(724): Illuminate\Routing\Route->run(Object(Illuminate\Http\Request))
#20 [internal function]: Illuminate\Routing\Router->Illuminate\Routing\{closure}(Object(Illuminate\Http\Request))
#21 /home/blackhole/Documents/project/simpatda/simpatda/vendor/laravel/framework/src/Illuminate/Routing/Pipeline.php(52): call_user_func(Object(Closure), Object(Illuminate\Http\Request))
#22 /home/blackhole/Documents/project/simpatda/simpatda/vendor/laravel/framework/src/Illuminate/Foundation/Http/Middleware/VerifyCsrfToken.php(64): Illuminate\Routing\Pipeline->Illuminate\Routing\{closure}(Object(Illuminate\Http\Request))
#23 [internal function]: Illuminate\Foundation\Http\Middleware\VerifyCsrfToken->handle(Object(Illuminate\Http\Request), Object(Closure))
#24 /home/blackhole/Documents/project/simpatda/simpatda/vendor/laravel/framework/src/Illuminate/Pipeline/Pipeline.php(136): call_user_func_array(Array, Array)
#25 [internal function]: Illuminate\Pipeline\Pipeline->Illuminate\Pipeline\{closure}(Object(Illuminate\Http\Request))
#26 /home/blackhole/Documents/project/simpatda/simpatda/vendor/laravel/framework/src/Illuminate/Routing/Pipeline.php(32): call_user_func(Object(Closure), Object(Illuminate\Http\Request))
#27 /home/blackhole/Documents/project/simpatda/simpatda/vendor/laravel/framework/src/Illuminate/View/Middleware/ShareErrorsFromSession.php(49): Illuminate\Routing\Pipeline->Illuminate\Routing\{closure}(Object(Illuminate\Http\Request))
#28 [internal function]: Illuminate\View\Middleware\ShareErrorsFromSession->handle(Object(Illuminate\Http\Request), Object(Closure))
#29 /home/blackhole/Documents/project/simpatda/simpatda/vendor/laravel/framework/src/Illuminate/Pipeline/Pipeline.php(136): call_user_func_array(Array, Array)
#30 [internal function]: Illuminate\Pipeline\Pipeline->Illuminate\Pipeline\{closure}(Object(Illuminate\Http\Request))
#31 /home/blackhole/Documents/project/simpatda/simpatda/vendor/laravel/framework/src/Illuminate/Routing/Pipeline.php(32): call_user_func(Object(Closure), Object(Illuminate\Http\Request))
#32 /home/blackhole/Documents/project/simpatda/simpatda/vendor/laravel/framework/src/Illuminate/Session/Middleware/StartSession.php(64): Illuminate\Routing\Pipeline->Illuminate\Routing\{closure}(Object(Illuminate\Http\Request))
#33 [internal function]: Illuminate\Session\Middleware\StartSession->handle(Object(Illuminate\Http\Request), Object(Closure))
#34 /home/blackhole/Documents/project/simpatda/simpatda/vendor/laravel/framework/src/Illuminate/Pipeline/Pipeline.php(136): call_user_func_array(Array, Array)
#35 [internal function]: Illuminate\Pipeline\Pipeline->Illuminate\Pipeline\{closure}(Object(Illuminate\Http\Request))
#36 /home/blackhole/Documents/project/simpatda/simpatda/vendor/laravel/framework/src/Illuminate/Routing/Pipeline.php(32): call_user_func(Object(Closure), Object(Illuminate\Http\Request))
#37 /home/blackhole/Documents/project/simpatda/simpatda/vendor/laravel/framework/src/Illuminate/Cookie/Middleware/AddQueuedCookiesToResponse.php(37): Illuminate\Routing\Pipeline->Illuminate\Routing\{closure}(Object(Illuminate\Http\Request))
#38 [internal function]: Illuminate\Cookie\Middleware\AddQueuedCookiesToResponse->handle(Object(Illuminate\Http\Request), Object(Closure))
#39 /home/blackhole/Documents/project/simpatda/simpatda/vendor/laravel/framework/src/Illuminate/Pipeline/Pipeline.php(136): call_user_func_array(Array, Array)
#40 [internal function]: Illuminate\Pipeline\Pipeline->Illuminate\Pipeline\{closure}(Object(Illuminate\Http\Request))
#41 /home/blackhole/Documents/project/simpatda/simpatda/vendor/laravel/framework/src/Illuminate/Routing/Pipeline.php(32): call_user_func(Object(Closure), Object(Illuminate\Http\Request))
#42 /home/blackhole/Documents/project/simpatda/simpatda/vendor/laravel/framework/src/Illuminate/Cookie/Middleware/EncryptCookies.php(59): Illuminate\Routing\Pipeline->Illuminate\Routing\{closure}(Object(Illuminate\Http\Request))
#43 [internal function]: Illuminate\Cookie\Middleware\EncryptCookies->handle(Object(Illuminate\Http\Request), Object(Closure))
#44 /home/blackhole/Documents/project/simpatda/simpatda/vendor/laravel/framework/src/Illuminate/Pipeline/Pipeline.php(136): call_user_func_array(Array, Array)
#45 [internal function]: Illuminate\Pipeline\Pipeline->Illuminate\Pipeline\{closure}(Object(Illuminate\Http\Request))
#46 /home/blackhole/Documents/project/simpatda/simpatda/vendor/laravel/framework/src/Illuminate/Routing/Pipeline.php(32): call_user_func(Object(Closure), Object(Illuminate\Http\Request))
#47 [internal function]: Illuminate\Routing\Pipeline->Illuminate\Routing\{closure}(Object(Illuminate\Http\Request))
#48 /home/blackhole/Documents/project/simpatda/simpatda/vendor/laravel/framework/src/Illuminate/Pipeline/Pipeline.php(103): call_user_func(Object(Closure), Object(Illuminate\Http\Request))
#49 /home/blackhole/Documents/project/simpatda/simpatda/vendor/laravel/framework/src/Illuminate/Routing/Router.php(726): Illuminate\Pipeline\Pipeline->then(Object(Closure))
#50 /home/blackhole/Documents/project/simpatda/simpatda/vendor/laravel/framework/src/Illuminate/Routing/Router.php(699): Illuminate\Routing\Router->runRouteWithinStack(Object(Illuminate\Routing\Route), Object(Illuminate\Http\Request))
#51 /home/blackhole/Documents/project/simpatda/simpatda/vendor/laravel/framework/src/Illuminate/Routing/Router.php(675): Illuminate\Routing\Router->dispatchToRoute(Object(Illuminate\Http\Request))
#52 /home/blackhole/Documents/project/simpatda/simpatda/vendor/laravel/framework/src/Illuminate/Foundation/Http/Kernel.php(246): Illuminate\Routing\Router->dispatch(Object(Illuminate\Http\Request))
#53 [internal function]: Illuminate\Foundation\Http\Kernel->Illuminate\Foundation\Http\{closure}(Object(Illuminate\Http\Request))
#54 /home/blackhole/Documents/project/simpatda/simpatda/vendor/laravel/framework/src/Illuminate/Routing/Pipeline.php(52): call_user_func(Object(Closure), Object(Illuminate\Http\Request))
#55 /home/blackhole/Documents/project/simpatda/simpatda/vendor/laravel/framework/src/Illuminate/Foundation/Http/Middleware/CheckForMaintenanceMode.php(44): Illuminate\Routing\Pipeline->Illuminate\Routing\{closure}(Object(Illuminate\Http\Request))
#56 [internal function]: Illuminate\Foundation\Http\Middleware\CheckForMaintenanceMode->handle(Object(Illuminate\Http\Request), Object(Closure))
#57 /home/blackhole/Documents/project/simpatda/simpatda/vendor/laravel/framework/src/Illuminate/Pipeline/Pipeline.php(136): call_user_func_array(Array, Array)
#58 [internal function]: Illuminate\Pipeline\Pipeline->Illuminate\Pipeline\{closure}(Object(Illuminate\Http\Request))
#59 /home/blackhole/Documents/project/simpatda/simpatda/vendor/laravel/framework/src/Illuminate/Routing/Pipeline.php(32): call_user_func(Object(Closure), Object(Illuminate\Http\Request))
#60 [internal function]: Illuminate\Routing\Pipeline->Illuminate\Routing\{closure}(Object(Illuminate\Http\Request))
#61 /home/blackhole/Documents/project/simpatda/simpatda/vendor/laravel/framework/src/Illuminate/Pipeline/Pipeline.php(103): call_user_func(Object(Closure), Object(Illuminate\Http\Request))
#62 /home/blackhole/Documents/project/simpatda/simpatda/vendor/laravel/framework/src/Illuminate/Foundation/Http/Kernel.php(132): Illuminate\Pipeline\Pipeline->then(Object(Closure))
#63 /home/blackhole/Documents/project/simpatda/simpatda/vendor/laravel/framework/src/Illuminate/Foundation/Http/Kernel.php(99): Illuminate\Foundation\Http\Kernel->sendRequestThroughRouter(Object(Illuminate\Http\Request))
#64 /home/blackhole/Documents/project/simpatda/simpatda/public/index.php(54): Illuminate\Foundation\Http\Kernel->handle(Object(Illuminate\Http\Request))
#65 /home/blackhole/Documents/project/simpatda/simpatda/server.php(21): require_once('/home/blackhole...')
#66 {main}  
[2016-12-07 14:17:07] local.ERROR: exception 'ErrorException' with message 'Object of class Illuminate\Database\Query\Builder could not be converted to int' in /home/blackhole/Documents/project/simpatda/simpatda/app/Http/Controllers/Pendaftaran.php:125
Stack trace:
#0 /home/blackhole/Documents/project/simpatda/simpatda/app/Http/Controllers/Pendaftaran.php(125): Illuminate\Foundation\Bootstrap\HandleExceptions->handleError(8, 'Object of class...', '/home/blackhole...', 125, Array)
#1 /home/blackhole/Documents/project/simpatda/simpatda/app/Http/Controllers/Pendaftaran.php(31): App\Http\Controllers\Pendaftaran->getNomorUrut()
#2 [internal function]: App\Http\Controllers\Pendaftaran->wpwrpribadi()
#3 /home/blackhole/Documents/project/simpatda/simpatda/vendor/laravel/framework/src/Illuminate/Routing/Controller.php(80): call_user_func_array(Array, Array)
#4 /home/blackhole/Documents/project/simpatda/simpatda/vendor/laravel/framework/src/Illuminate/Routing/ControllerDispatcher.php(146): Illuminate\Routing\Controller->callAction('wpwrpribadi', Array)
#5 /home/blackhole/Documents/project/simpatda/simpatda/vendor/laravel/framework/src/Illuminate/Routing/ControllerDispatcher.php(94): Illuminate\Routing\ControllerDispatcher->call(Object(App\Http\Controllers\Pendaftaran), Object(Illuminate\Routing\Route), 'wpwrpribadi')
#6 [internal function]: Illuminate\Routing\ControllerDispatcher->Illuminate\Routing\{closure}(Object(Illuminate\Http\Request))
#7 /home/blackhole/Documents/project/simpatda/simpatda/vendor/laravel/framework/src/Illuminate/Routing/Pipeline.php(52): call_user_func(Object(Closure), Object(Illuminate\Http\Request))
#8 /home/blackhole/Documents/project/simpatda/simpatda/app/Http/Middleware/Authenticate.php(28): Illuminate\Routing\Pipeline->Illuminate\Routing\{closure}(Object(Illuminate\Http\Request))
#9 [internal function]: App\Http\Middleware\Authenticate->handle(Object(Illuminate\Http\Request), Object(Closure))
#10 /home/blackhole/Documents/project/simpatda/simpatda/vendor/laravel/framework/src/Illuminate/Pipeline/Pipeline.php(136): call_user_func_array(Array, Array)
#11 [internal function]: Illuminate\Pipeline\Pipeline->Illuminate\Pipeline\{closure}(Object(Illuminate\Http\Request))
#12 /home/blackhole/Documents/project/simpatda/simpatda/vendor/laravel/framework/src/Illuminate/Routing/Pipeline.php(32): call_user_func(Object(Closure), Object(Illuminate\Http\Request))
#13 [internal function]: Illuminate\Routing\Pipeline->Illuminate\Routing\{closure}(Object(Illuminate\Http\Request))
#14 /home/blackhole/Documents/project/simpatda/simpatda/vendor/laravel/framework/src/Illuminate/Pipeline/Pipeline.php(103): call_user_func(Object(Closure), Object(Illuminate\Http\Request))
#15 /home/blackhole/Documents/project/simpatda/simpatda/vendor/laravel/framework/src/Illuminate/Routing/ControllerDispatcher.php(96): Illuminate\Pipeline\Pipeline->then(Object(Closure))
#16 /home/blackhole/Documents/project/simpatda/simpatda/vendor/laravel/framework/src/Illuminate/Routing/ControllerDispatcher.php(54): Illuminate\Routing\ControllerDispatcher->callWithinStack(Object(App\Http\Controllers\Pendaftaran), Object(Illuminate\Routing\Route), Object(Illuminate\Http\Request), 'wpwrpribadi')
#17 /home/blackhole/Documents/project/simpatda/simpatda/vendor/laravel/framework/src/Illuminate/Routing/Route.php(174): Illuminate\Routing\ControllerDispatcher->dispatch(Object(Illuminate\Routing\Route), Object(Illuminate\Http\Request), 'App\Http\Contro...', 'wpwrpribadi')
#18 /home/blackhole/Documents/project/simpatda/simpatda/vendor/laravel/framework/src/Illuminate/Routing/Route.php(140): Illuminate\Routing\Route->runController(Object(Illuminate\Http\Request))
#19 /home/blackhole/Documents/project/simpatda/simpatda/vendor/laravel/framework/src/Illuminate/Routing/Router.php(724): Illuminate\Routing\Route->run(Object(Illuminate\Http\Request))
#20 [internal function]: Illuminate\Routing\Router->Illuminate\Routing\{closure}(Object(Illuminate\Http\Request))
#21 /home/blackhole/Documents/project/simpatda/simpatda/vendor/laravel/framework/src/Illuminate/Routing/Pipeline.php(52): call_user_func(Object(Closure), Object(Illuminate\Http\Request))
#22 /home/blackhole/Documents/project/simpatda/simpatda/vendor/laravel/framework/src/Illuminate/Foundation/Http/Middleware/VerifyCsrfToken.php(64): Illuminate\Routing\Pipeline->Illuminate\Routing\{closure}(Object(Illuminate\Http\Request))
#23 [internal function]: Illuminate\Foundation\Http\Middleware\VerifyCsrfToken->handle(Object(Illuminate\Http\Request), Object(Closure))
#24 /home/blackhole/Documents/project/simpatda/simpatda/vendor/laravel/framework/src/Illuminate/Pipeline/Pipeline.php(136): call_user_func_array(Array, Array)
#25 [internal function]: Illuminate\Pipeline\Pipeline->Illuminate\Pipeline\{closure}(Object(Illuminate\Http\Request))
#26 /home/blackhole/Documents/project/simpatda/simpatda/vendor/laravel/framework/src/Illuminate/Routing/Pipeline.php(32): call_user_func(Object(Closure), Object(Illuminate\Http\Request))
#27 /home/blackhole/Documents/project/simpatda/simpatda/vendor/laravel/framework/src/Illuminate/View/Middleware/ShareErrorsFromSession.php(49): Illuminate\Routing\Pipeline->Illuminate\Routing\{closure}(Object(Illuminate\Http\Request))
#28 [internal function]: Illuminate\View\Middleware\ShareErrorsFromSession->handle(Object(Illuminate\Http\Request), Object(Closure))
#29 /home/blackhole/Documents/project/simpatda/simpatda/vendor/laravel/framework/src/Illuminate/Pipeline/Pipeline.php(136): call_user_func_array(Array, Array)
#30 [internal function]: Illuminate\Pipeline\Pipeline->Illuminate\Pipeline\{closure}(Object(Illuminate\Http\Request))
#31 /home/blackhole/Documents/project/simpatda/simpatda/vendor/laravel/framework/src/Illuminate/Routing/Pipeline.php(32): call_user_func(Object(Closure), Object(Illuminate\Http\Request))
#32 /home/blackhole/Documents/project/simpatda/simpatda/vendor/laravel/framework/src/Illuminate/Session/Middleware/StartSession.php(64): Illuminate\Routing\Pipeline->Illuminate\Routing\{closure}(Object(Illuminate\Http\Request))
#33 [internal function]: Illuminate\Session\Middleware\StartSession->handle(Object(Illuminate\Http\Request), Object(Closure))
#34 /home/blackhole/Documents/project/simpatda/simpatda/vendor/laravel/framework/src/Illuminate/Pipeline/Pipeline.php(136): call_user_func_array(Array, Array)
#35 [internal function]: Illuminate\Pipeline\Pipeline->Illuminate\Pipeline\{closure}(Object(Illuminate\Http\Request))
#36 /home/blackhole/Documents/project/simpatda/simpatda/vendor/laravel/framework/src/Illuminate/Routing/Pipeline.php(32): call_user_func(Object(Closure), Object(Illuminate\Http\Request))
#37 /home/blackhole/Documents/project/simpatda/simpatda/vendor/laravel/framework/src/Illuminate/Cookie/Middleware/AddQueuedCookiesToResponse.php(37): Illuminate\Routing\Pipeline->Illuminate\Routing\{closure}(Object(Illuminate\Http\Request))
#38 [internal function]: Illuminate\Cookie\Middleware\AddQueuedCookiesToResponse->handle(Object(Illuminate\Http\Request), Object(Closure))
#39 /home/blackhole/Documents/project/simpatda/simpatda/vendor/laravel/framework/src/Illuminate/Pipeline/Pipeline.php(136): call_user_func_array(Array, Array)
#40 [internal function]: Illuminate\Pipeline\Pipeline->Illuminate\Pipeline\{closure}(Object(Illuminate\Http\Request))
#41 /home/blackhole/Documents/project/simpatda/simpatda/vendor/laravel/framework/src/Illuminate/Routing/Pipeline.php(32): call_user_func(Object(Closure), Object(Illuminate\Http\Request))
#42 /home/blackhole/Documents/project/simpatda/simpatda/vendor/laravel/framework/src/Illuminate/Cookie/Middleware/EncryptCookies.php(59): Illuminate\Routing\Pipeline->Illuminate\Routing\{closure}(Object(Illuminate\Http\Request))
#43 [internal function]: Illuminate\Cookie\Middleware\EncryptCookies->handle(Object(Illuminate\Http\Request), Object(Closure))
#44 /home/blackhole/Documents/project/simpatda/simpatda/vendor/laravel/framework/src/Illuminate/Pipeline/Pipeline.php(136): call_user_func_array(Array, Array)
#45 [internal function]: Illuminate\Pipeline\Pipeline->Illuminate\Pipeline\{closure}(Object(Illuminate\Http\Request))
#46 /home/blackhole/Documents/project/simpatda/simpatda/vendor/laravel/framework/src/Illuminate/Routing/Pipeline.php(32): call_user_func(Object(Closure), Object(Illuminate\Http\Request))
#47 [internal function]: Illuminate\Routing\Pipeline->Illuminate\Routing\{closure}(Object(Illuminate\Http\Request))
#48 /home/blackhole/Documents/project/simpatda/simpatda/vendor/laravel/framework/src/Illuminate/Pipeline/Pipeline.php(103): call_user_func(Object(Closure), Object(Illuminate\Http\Request))
#49 /home/blackhole/Documents/project/simpatda/simpatda/vendor/laravel/framework/src/Illuminate/Routing/Router.php(726): Illuminate\Pipeline\Pipeline->then(Object(Closure))
#50 /home/blackhole/Documents/project/simpatda/simpatda/vendor/laravel/framework/src/Illuminate/Routing/Router.php(699): Illuminate\Routing\Router->runRouteWithinStack(Object(Illuminate\Routing\Route), Object(Illuminate\Http\Request))
#51 /home/blackhole/Documents/project/simpatda/simpatda/vendor/laravel/framework/src/Illuminate/Routing/Router.php(675): Illuminate\Routing\Router->dispatchToRoute(Object(Illuminate\Http\Request))
#52 /home/blackhole/Documents/project/simpatda/simpatda/vendor/laravel/framework/src/Illuminate/Foundation/Http/Kernel.php(246): Illuminate\Routing\Router->dispatch(Object(Illuminate\Http\Request))
#53 [internal function]: Illuminate\Foundation\Http\Kernel->Illuminate\Foundation\Http\{closure}(Object(Illuminate\Http\Request))
#54 /home/blackhole/Documents/project/simpatda/simpatda/vendor/laravel/framework/src/Illuminate/Routing/Pipeline.php(52): call_user_func(Object(Closure), Object(Illuminate\Http\Request))
#55 /home/blackhole/Documents/project/simpatda/simpatda/vendor/laravel/framework/src/Illuminate/Foundation/Http/Middleware/CheckForMaintenanceMode.php(44): Illuminate\Routing\Pipeline->Illuminate\Routing\{closure}(Object(Illuminate\Http\Request))
#56 [internal function]: Illuminate\Foundation\Http\Middleware\CheckForMaintenanceMode->handle(Object(Illuminate\Http\Request), Object(Closure))
#57 /home/blackhole/Documents/project/simpatda/simpatda/vendor/laravel/framework/src/Illuminate/Pipeline/Pipeline.php(136): call_user_func_array(Array, Array)
#58 [internal function]: Illuminate\Pipeline\Pipeline->Illuminate\Pipeline\{closure}(Object(Illuminate\Http\Request))
#59 /home/blackhole/Documents/project/simpatda/simpatda/vendor/laravel/framework/src/Illuminate/Routing/Pipeline.php(32): call_user_func(Object(Closure), Object(Illuminate\Http\Request))
#60 [internal function]: Illuminate\Routing\Pipeline->Illuminate\Routing\{closure}(Object(Illuminate\Http\Request))
#61 /home/blackhole/Documents/project/simpatda/simpatda/vendor/laravel/framework/src/Illuminate/Pipeline/Pipeline.php(103): call_user_func(Object(Closure), Object(Illuminate\Http\Request))
#62 /home/blackhole/Documents/project/simpatda/simpatda/vendor/laravel/framework/src/Illuminate/Foundation/Http/Kernel.php(132): Illuminate\Pipeline\Pipeline->then(Object(Closure))
#63 /home/blackhole/Documents/project/simpatda/simpatda/vendor/laravel/framework/src/Illuminate/Foundation/Http/Kernel.php(99): Illuminate\Foundation\Http\Kernel->sendRequestThroughRouter(Object(Illuminate\Http\Request))
#64 /home/blackhole/Documents/project/simpatda/simpatda/public/index.php(54): Illuminate\Foundation\Http\Kernel->handle(Object(Illuminate\Http\Request))
#65 /home/blackhole/Documents/project/simpatda/simpatda/server.php(21): require_once('/home/blackhole...')
#66 {main}  
